69
93
51 3557836370196525433
44
51 D
82 9047069265158772464
58
60
47 9109816372583123869
56 D
99 7101811777593828507
56 3283650752779032949
99
31
20
2
79 1076301172524231760
56
10
79 D
63 3462232720734885408
93 3803884173180520044
37 2657559577423510160
7
55
1 7653821748203096075
47 5051957852719576214
76 4801076140872484708
52
43
37 D
90
54
28
74 D
71 1166527231508804804
2
42
82
58 D
11 D
63
17 3747654391818325505
85 1136562646191904324
0 5851038705323666985
36
54
46 2474456341023326825
78 7294395397929641784
91 D
10 862017153893687781
54 6170548853380963729
70 D
15 D
61 5565661813368770520
10
41
23
48 3254698744242289158
34
87 2842343554047716808
42
99
43
23
4 D
64 4998416078518186584
93
58 6920254318624799324
19 6104468341148436973
34
19
46
79
35
23 7654259435037629772
45
35
96
51 699949260321482742
30 1685127368754777950
42
16 D
70 D
97
59 1472923144066647562
4
66
84 6030777583141469112
87
87 6461313130720566058
85 4550912149287161475
94
57 7670435907152126691
69
81
75
9
35
24
8
44 D
2 3956931458683914881
97
87
95
93
39
28
78
14 8581493769549231480
99
19
16 7330237066088602490
41 4217384880288751640
84
11 2642449861392347430
48 4851423198222991137
77 3755097329533464842
72 3483407808093705391
91 7528967796631723608
91
69
87
32 D
67
5 D
68
83
32 859808136589190387
26 726343773135579658
86
55
48
55 D
0 1413751206280510140
88 6243849786494230711
27 3705588148198058333
77
83 D
54
12 1097766325805710856
11 156260499249312234
71
100 8603343787998261606
52
76 3773166081167304203
54
56
62
30
78 9212333118392158796
49 5557809922388945605
92 3260424578643914098
69 1879997668639041350
59 7593794318216363913
55 D
25
13 6016164317416255655
13
36 6816682281787889641
44 D
95
97
75
30
98
65
11
100
9 D
13 6186766492276220373
51 D
66
9 2984640257358309009
25
98 D
70 D
3
65
72 D
55
69
59
25
29
83
23
39
32 D
60 8209568281644943354
96
12
40
81
21
11 D
36 D
25
23
12 3082043994023160597
52
24
99 D
64 6472021527802219342
43 4540577483476247293
86 D
43 5307199772768705157
70
72
61
11 D
70 8149734440235043547
25 D
42 4690002259708133580
81 3291192328509957814
61 8246218409989677507
62 4831984289645033715
37 6504732752583239146
51
58
86 8472839448612714006
21
24 2141373416291433349
65 2049395903818503926
2 7452308305091441197
79
64 6554130108241577937
50
81
94
74 7283806364067878099
11
77 8548944465291198867
45 1424159515279406706
41
92 D
87 3384530703461916255
71 D
47 7983254008885467330
11 4805888033996336408
100
25
5 7695554980652906084
52 8382472312058325065
82 D
34
25
48 8494209607810674351
1
87
19
4
45 D
8
59 8045648888368981995
59
32 D
92 5826181071369045453
14 8035578391246701220
76
41
62 7478925707298822565
28
57 6182249098236618767
15 8462759660846486172
91
1
92 2702854837610609049
75 8337361367916094867
75 4137196763450949003
51
78
49
39 5416072104602811643
73
96 1243195815568071302
58 1783557441260334178
41
6 2318227199134973164
12
3 121268963169052172
79 D
16 5845418192405120199
95 8251198204443284550
57
71 8004038902081295180
48 1407407182166278758
59 3309662804238865971
52 2882392932928956390
94
71
25 477912179816287508
26 4580131960362086324
52 267788063101605928
79 4358583708051685230
23 7561840420019111617
23
6 6024394916513799060
76
32 D
60
39 6811879988884735209
10
22 D
81
41 1964857493715258876
40
74
32
57
91
26 5110338868627561879
67
99 D
56
69 D
80
57 6263003853010096535
29 5646446752905390622
6 7594272895109891545
12
50 3877226122831553934
86
86 1519944525344571341
18 2471005799267895559
14 D
24 3165569934289620614
57 8665915973184056074
87
85
90 D
71 2003834250495338067
99 1454302969312624535
18 6606496715689135536
57 D
72 D
83 1398485140872701244
67 D
59
57
89 D
40 D
43
68
63 5645860226262073853
80 D
95 3837254191699368198
91 5082358047639571535
23 4637615917955276046
87
9
21 212279800444513689
60 2314205302879546799
15
96 7252810708511618559
37
56
55
90 4694997081308585742
33
3 8790694117564985268
16 1029568918312399512
9
35 7492301256452013843
9
74 8874739460213655602
53 8319829181958475374
14 2448218125264544150
44
28
32 7195592483498183578
33
26 8712560872589967523
41
77
85 D
79
30 909650714120353136
87
94 D
18
36
86 D
52
63 D
12
15 2983142844486216590
82
42
74
60
44 D
86 D
16
58
11 4318497493366919495
47
35
14 D
39 5398213146991220239
28 1997468455921158557
68 4790235820457245419
78
9 1344285557802650978
31 2372373448456451834
81 D
92 5356140119111939244
54
64 8159941776441510937
85
57 1188997633938116469
22 7636793353269100139
49
89
56 281669781872334686
62
19 5289610430575593170
86 2622033506268522453
12 4007994069649930365
95
53 83415703828521907
10
2
17
70
28 3525165884913840034
89
13 D
19
0 500894753354982574
8
14 7832358855108935938
24
98
79 7618191041072022363
10
85 3571329008316432583
87 D
73 5537446607030281730
62 2388784239888421350
65 2983271371071343601
14 6133566317422189195
99
81
82 1677269167174624454
88
8 3954712814348791332
8
60
25 7542852787385491895
57 1580437866777536673
12
13
0 D
90
69 D
17 3963122986933557158
84
16
45
36 4521605763310166808
58
100
10
80 D
93 3940449489430258129
48 6874098882054779321
47
78
18
89
94 612202974938171936
56
17
4 8263804111196067050
8
23
45
85
65
78
1
20
2 2888029217527930207
77
72 D
9
65
33
41
47
29 5333087810887693325
79
4
93
30 6869358551465884581
47 D
54
80
39
40 2145854407200313568
6
10
62
72
24 6821282290022539725
2 D
9
22
44 1940667127360754358
100
19
31 767568762455048013
61
13 5660897864562285950
22
3 8161238197571443763
44 3473936765068766091
54
33
29
92 4077080319273388860
83 5688083170666805871
17
17 8952684015306254614
26 6736696790270668779
87
98
63 2498103368295261111
18 7609109701096557767
72 2899533172023775166
88
7 2404782815809607227
52 1515446395549189473
94 7853822041155526924
46
93
7 D
80 7094483347671145136
78
28 7548987812811751003
32
1 9080808527020787816
65 3340193724399683196
36
28 2823671892816030031
16
39
95
27
58 2329665117045709898
31
58
73 3171443494995029793
21 2583813537957501267
53
12
58 D
3
7 D
59 D
90
100
20
84
67 D
29
93
83 6689588234683183325
29
34
63 8000877492212082527
67
70
30 3011498742169479031
78
22 724605810180883308
94
75
38 5269573292906935988
93 1503776104492830012
18 1504917962072955469
69
53
69 5058592559278688718
97
99 7069453747968968873
59 3481114647553739398
9
68 6098926904655867646
8
2
75
23 7300383365576039988
89
88
78
33
42 D
81
56 D
3
29 1544945378393309713
52
90
83
68
25
89
92 1544664253102401105
36
16
2
81 688428803689443285
36
64 2687600110779912253
10
55 6234342665727430048
77 920210644175390391
62
12
51
28 3216954295053271010
39 1069091095056217185
84
55 D
21
39 7463431368374151683
19 8631566057985504244
73
25
30 2526792875919849950
33 1896554127011398973
22
39
41 4477454386006948469
42
32
5 4082742001887015332
69
24 1950872643924599207
46 3089783155014877259
28 8432870886323270957
93 D
50
52
12 2143059656477661604
65 7005903658763064260
2
16
67
81
38
53
52
36 5485998121633690497
93 D
41 9100731336757629158
65
79
96
50 2070080421020947532
46 1723407232350945733
75
3 D
38 D
12 6413372439327933850
8 8002345392470584853
28
15
44 3107968269279648446
43
40 D
55 7464731257114793025
82
77
4 8040189167055374366
83
84
32
71 D
58 3487783736412651868
34 2042413917686025219
35 3391916405669941242
64
10
32 3781046001692318073
49 D
81
81
70
35 D
61
54 4175908293376866647
51
57
61
12
36
15 D
3
64 2119073675552157461
68 947621828978868777
44 D
96
13 8598865074300691054
79 531780231138652559
79
14
77 2685201197317679200
15 D
97
27
43
51 8767039916471032883
37
70
7 73248205407036976
68
100
97
26 1459149970236879078
77 D
1
36
38
41
98 D
87 D
31
44
82
16
7
10 968765794448529173
89
15 1418626873452975100
42
92 2536453945975118785
63 991178992167999545
32 3037751667137067896
90 D
96
12 5406162362873849881
64 5899181024769305567
64
6 D
89
88 3730335285195168042
77 10511721805371082
19
46 8465193142749457054
88
0 4911232857036015427
23 6678890267689716788
8 D
40 8148355718449116177
11
93 3618047728222677471
6
56 863335673924907033
96 9127834651240224671
66
53
1 D
80
93
58
97
67 D
40
84
5 1082632378664309313
48
65 5203448806653386895
2
27 D
5
21 8031464435394569619
13 8957769380835311105
63 2086150626494176257
54 2126256256510929528
87 844282819619367546
32
72
45
25 D
44 1451172365117259791
31
7
28 7526066018545456329
74
75 8141232090810628473
37 D
59 D
26 D
49 2570613825378713421
9
46
5
16 5880760231453297883
31 3313912146644549390
21
41
16
85
52
68 9132743740696484822
25
92 6509704381014713966
94
2
82 2425122049411547086
8 6508782622774036089
31
67 6826979965561533031
61
56 6484951696261702966
65
56
27 315072176551578396
45 3561539137315829692
42 D
48 387049543017735899
55
43
40
21
50 7266556863494337677
84
69
75
1
2 D
72 D
30
61 7161667929279980989
58
7 D
38
15
24 D
5
88 D
50 7870306710462912024
39 6208573492464761117
99 D
45
33
64
80
9
31 D
85
51 453344023257024634
86
22 101161769416528877
76
90
66 D
51 7251375041857389380
8 D
11
15
2
40
18 1551145848677772670
3 7787603778113478887
57
83 D
43
4
97 8120376122755296388
100
70 3989135430612215840
81 1974082823333281877
47
72
34
22
78
82
85 8466529388865102147
23 5211656509951299086
88
76 4535930496473211959
18
2
71
47 990832459597114979
96
41 8936207082611166705
89
59 6386251764314168794
97 D
43
11
53
7
93
66
31 3122087371438736186
10
9
39 7583775074108362145
38 D
92
43
50 8241280735916384350
38
86
15 D
24 634805410047866499
75 4254224487866650080
33 8093380918674176652
60
60 D
7
100 8210138956480956555
2
19 306385898010643736
95 813018231367732154
53 D
100
19
92
30
76 D
88 4323043652121932443
39
29 3760328656792644698
93
53
79
35
49
21
24
94 7869788308346904568
50
25 4142671257524542389
17
7
27
54
39 5335972284246826064
63
9 8931157863053474107
29
69 4562639441493938487
6 D
96 6489780332448402230
62
58
6 7626953683737904781
92
41
49
3 D
70 3220467932991820742
99 8599094990961968454
82
31
61
40
55
46
52
2
16
66 D
97 1676279038511877366
25
10 4952686505248403914
5 8063219567433608442
28
97 D
20
43
22
8
1
65 D
38 1313913551339758465
13 8626621946582701401
12 7849557566068875345
22
44
20
40
83 6608744232427069945
24 D
81 1872837692147252487
77 7985618886149200164
79 466923311865189228
65 2431892253864811590
2
83 2978958038277120428
30
76
79
13
5 4681850724830004742
25
54
31
83
46
69
50 D
97 7999168552915630510
2
59
70
73
48
83
14
82 8139077881153679520
41 1356253534188857131
36 D
53
69
50 4012706278261863393
17
47 5582381237820124068
44
38
60
1
11
34 4758885003869876363
99
94 3754875897987907429
6 3712217310917901491
50 7419102296501259074
50 D
96
14 104438053313088342
61
36
8
95
9
2 4482696651313160210
47
0 1769039427401543209
75 1037947662003662960
63
0
6
77
78
62
5
67 8790924090090515031
80 D
46
65
61
9
68 1488461837915921659
11
83
19
95
4
77
20 4091287558986334900
32
71
21 5698144986634251351
48 8000749654832065302
13
80 2858238472294311729
69
66
88 4505142394665205516
94 9080089737074013511
93 2874306526074864704
92 D
9 D
11
14
62 D
94
16
96
74
8 4282223414118548559
50 6304889099898576029
80 858370737614285923
82
10 D
85
97
49
24 6893744866499406397
37 8236648695174998294
20 5609485186390431339
24 2660876988003192336
31
79
58
72
68
39
84
72 6052208992116056910
52 4047458797038763692
9
87
81
9
69 8810229768201574432
43
61
2
9
50 D
51
11
61 D
28 7671657630391192623
26 300756658999366737
9 4780089130053739742
28
25 D
46 D
48 2041740487719782508
50
41 7380490672246904464
36 D
98 D
54
61 D
83 D
43 6375816555129535943
69 6009836846129393646
2 1426316916934057740
68 D
66
6 6337423157365549802
30
84 D
59 5820359921668991072
95
94
71 6493974804945258288
61
79 D
15 D
86 8678244868907946697
63 4183376020763192594
32 1409203598699200440
41 8554596007303184737
94
56
12
100
82 D
36 4388046720436870478
56
46
18 6825202716182241962
51
75
2
15
2 4776496848922051108
16 6343037506692662475
94
26 D
19
53
90
15 D
47
48
70
70 4787332994862041591
70
81
69
97
59 1020035976051437798
18 7529310067588630015
79
58
29
44
84 5478377520283094228
52 D
46 6630372877240713639
79
25 D
5 D
4
57
69 8989591535536503790
18 987826890909438158
69
11 2844826855668271255
58
69 4750924529142751675
33 D
20 7055317362872151170
35 7760691298320237887
46
82 D
90
62
80
99
33
29
65
87 7552580529324710790
3 D
22
51
75 3451761867894180640
81 5066862608091994273
80 4757634140835860414
83
76
6 5303530259800422544
24
12 5112528266064571986
34
36 D
26
94
15 D
12 D
67
14 6780479805567218834
12
98
33 D
13 5356127268794292537
39 4867695072305938116
87 D
17
29 D
80
66 4003772207344513504
40 5319384769364881603
37
46 D
87
20 393439960362268417
75
3 D
92
33
31
65
77
23
99 D
14
13 4493479116029804779
27
58 429760184050898626
76
72 5669010524113347032
21
52
10 5733291676087069535
48 7375327494001283104
8 4711754792983032342
85
34
99 2558010957524434909
93
77 D
65 D
44 D
72 8951731817088122613
25
79 4588966437140857999
57
12 7980755898950392098
95
9
85
17
60 5052481654786562967
48
34
63
76 D
65
91 5791927826401468050
94 5308710657648163117
11
58 5943399509201684885
32 4562033695506965666
33
59 D
69 D
66 8817108197065947015
8 D
74
93 7797762909198946011
97 1227222871909832004
46
99
90
20 D
27 D
71
42
54 D
5 D
34
47 1445375773399770103
96 6288344800406127926
13 D
33 8103562441129169004
18
10 6707275372585143426
25
24
74
62 2409403534510937937
99
19
49
3 4701688337053407796
43 8691591985461814634
42
26 D
17 2121957862958312274
30 5312887289112171945
16 1578699509032277910
72 2487952400066237709
58 2898778686087571702
19 2890532028709405098
5
8
18
91
25
65
30 8181856336403809855
28
39 5897790296770246056
54
32
30
16
31
16 D
45
55 4086334169535954338
53 7438591304878182230
44 225295125796062076
4 D
50
28 5304749219349309194
46
80
73 6010030091196949012
85
59
10 D
5
61 7622461301918727812
16 844947467787973490
70 8851945731398117023
16
34 1749009194316417481
98
63 8956019388431238276
23
82
21
63 7223690312966572454
94 9198199151021636584
6
2
3 6738649680392256700
37
93 5978621902393093957
18
72
76
67 5472893581679404881
13 D
90
96 63507073422617770
84
60
44
33 6808443301527634041
14
32
87 6373375325936598360
99 D
12
92
28
60
28 6006266023840898485
86 D
55 3058662300534597597
75 7536508158286435907
48
90 D
89 3266584973210865416
19 D
31 2719585651094638141
9
0
36 D
2
16 2194574450441719715
50 1691849883089866012
12 4226614544771207989
22
2
46 D
55
16
36 766170192339217760
28 D
78 159925613861582872
58 D
36
31 4306331888419654246
33 1735783549639404338
4
29
95 D
91 D
67
55
68 7094039126911102189
6
4 5461965792685931503
71 D
26
10 9067466384662322313
51 1321293877271018138
77
7
45
17 6229527542381162316
78
65 D
62
79 4807694556612493660
96
77 4388727436476118367
33
68
68
5 6418776180181308559
99
25
62
20 D
43 2643238842993434663
28 2234693365653683191
6
93
62 D
65
94
11 D
16 D
54 3927919284466218763
37 7851769690999385192
16 D
96 7491827866150607917
95 573129964540762118
34
11
32
11
72
15 4059751781139748228
76 6122340448612382098
80 7322214168126661730
9 D
16
86
68 1473346033777660788
50 4368360347260517318
40 2395677603634302323
76
5
47 8730072352294180659
50
7 D
95
85
61
9 8449734242844559154
6 D
97 D
87 6013175429723545938
0 751461784461525671
24
63 2191609028265254113
96 D
13
91
45 D
86 7070622499527398962
96
36
14
67
55 4006180543257205698
10 D
66
76 8995346677691216660
94
45 D
94
15
20 4767683899696094749
76
96 D
40 D
85 5860929295705743125
67
24
25 4807568872003975521
32 3603701975133796555
86
75 6052921637807011345
4
45 2892442468082364159
17 3241621208711108227
71
26
27 5924047041023890556
96 1973812688994474560
11 8167353265317857250
47 1232238487665984966
95 2332964416838095549
98 711782387574206087
30
99 2217465095513576954
87 D
77 2860072976510546682
64 2039623615085184461
13
32 6516104010301218732
89
29
61 6225953066001632105
93 6456643125265947940
5
75
68
90 D
28
68 1359322668605682946
36
91
15
35 5260606534109724745
82
62 D
92 8425637091100701626
90 4104186619810823414
91 5143739684653509652
97
36
57
17
1
89 4112627918857158484
34 312084873751362169
56
5
56
45 5742706615667706611
68 D
3 3276505170052651486
0 3167388655668893036
40
59
24 1517628569521475382
6 D
61 D
56 4169983385102670260
53 7570011428394795272
83
8 D
12 8363003136641895926
52
88
49 7466570371225668822
26 D
15
45
57
45
82
27
24
45 6310152540845760542
55
12 6208584559605016312
97
96 D
87
79
30 5575183864165708991
91
67
9
35 6159682775551131695
58
77 1047493417939156207
99
81
81 4874536733140569846
1 529663239178167466
37
24 D
45
2 2819759492053804947
11
80
19
60
92
41 D
48 2948403498307306428
61 D
64
16 3715298388065527229
53
37
14 5310769624896682851
97 D
99
57 7398632744471517849
22
36
25
44 4812663441963114618
29 8495487141169047881
54 8846839227549125097
55 6098054425000274098
22 6509178849212585520
32
61 871212520114930551
67 965271130479925366
91 D
95
65 D
51
57
95
74
59 7464267475044612362
85 6068181548108268997
95
90 2236881280983758722
55
47 D
38
68 2152898616167700021
39 2130317282353190144
81 D
38
41 D
37
61 1036567240821505339
54 1454076006399563583
50 D
47
72 4861609978945794489
54
88
23 D
85 D
7
6
49
67
54
20 8899460344295582987
23 6805036101354183771
66
17 9185697472445131214
10
71
83 6495334716608730539
45
19 D
3 812129912275945043
80 2900370071537431913
68
86
75 D
79
72 6613181124440826685
92
0 D
55 4398340457615135461
91
34 D
91
32 D
80 3962914220355413522
54
51
52
56
82 7223838407157030977
10 2981093149297958163
30
23 6396787051431012365
92
15
12
82
59 8872260553408805878
95
46 2341219401438986146
49
74 8478236134127030980
88 4808095822057600123
85 D
59 D
52 6057686458677601187
53
34
3 D
43
86 7498241173287561032
63 8831166556038032229
74
78 D
30 D
60 4086993983840670002
100
46
54 1430565011334826234
79 8634250789015805708
74 1044323857644329294
73
91 D
66
14
9
16 D
34 4025667214015744448
34 1823088390186127767
18 7141019076983963771
68 D
57
87
87 5175701353371636355
70 7074014025476199608
94
20
96 6599444292081587
2 D
37
73
22 6369656246446559350
83
38
18
62
38
21 7196039278602537243
76 4216783909284591741
54
4 551143444633901100
96
84
21 1597040597296777632
66 3703185717396506716
35 7223644646574676515
25
87 D
79
62
37 2633271250317856962
58 8272234156428821938
62
48
34 3330841825084294592
75 D
65
63
56
100
26 4780760730022753451
81
92
11
36
67
46
93 5798176689727111318
31
55 3107894401333198179
77 280031464375995615
67 1987371646874283971
41 D
100
62 5342389904255705544
89
23
85
5
16
80 D
11
10
17
19
24
10
8
0
75 5476714079105986515
96 4302964615509418964
95
20
35
91
7
43
30 1538587235650671553
49
4
93 4376194440251139278
30 317955896788542476
30
76
37 D
55
53 8555619194551893562
38 6451697614305307418
57 8578855958793437878
7
62 8087242301161946669
59 467531719861158559
13 4182375474880951229
12 3006929121901660917
40 2185550638059573698
16 393678080481730796
57 6951311002623287789
45 1451310637131095934
0
62
40 6012801485996372405
92
65
38
69 6908271337920138894
7
32 D
61 5880121254422300215
31 D
18 7059695592844572155
65
67
52 7524241568069461988
94
72
96
77
36
74 2738220798020411588
57 8597855609539872902
5
32 6172140210089403003
60
23 9162907215386099444
77
82
79 6993039065943782745
73 6887941762853124883
83
75
9 D
10
11 3164829249062631803
12 D
56 274881240544559782
82
93
12
85
80
40 2707966427149539525
16 D
81
11
15
30
0
76 2722418761301914215
28
30
59
93 7414477672858422050
5 6671103913672132171
93
45
58 4200387114869578658
95
86 D
64 5091667973119774291
51 3937063571529678666
38
32 D
18
63
61
91
74
47
68 3629458074394964135
23
17
79
81 8359669812301423093
66
88
24 D
36
63 2620845496755994301
17
72 3573973336776759347
7 3960312077127682890
6 2548669231777320136
13
3
76
83
37
76 8027399121248563296
22
49
7 5182073525662702180
27 8226768147182945623
55 7910163177393291342
54
58
33
57 6905216330057079300
100 6526307460195286414
73 5223924175430129708
36 D
80 6541811560474488161
93
34 D
66
61
42 D
62 D
30
95
82
24 D
16
62
5
25
80
68 D
77 6539955739861152859
27
62
92
0
67 D
42
25 6607490406824017718
45 D
42
22 D
46
66
82 D
36 7751636934224274673
54
54 D
37 D
82
9
92
49
12
31
55
30
100
50 6991574411338602542
21 6939208615867224861
26 1743344022617349153
19 6334054253145492318
85
78
99 D
35 837472598350180720
59 7399290209606280032
84
75 673489501525872760
80 D
18 2566164999429143753
38
94 4854021999171186219
57
100 1249714893574972961
69 2876053247634696040
88
34 D
48
33
50 3937558815646273939
100 6020555721970391466
10
18 D
37
74 4223892904679700158
21
6 D
16
43
81
65 2849342731728369430
53 949066612760143957
14
81
81
15
53
50 D
48
47 D
6
33 D
28 4260278626251892475
74
81
14
18 2237904736595289677
8 8842610639307236412
69 3710968254202416651
37 6221641900487858290
42 937919623474921094
43 2247012229298500567
75 108235517419788701
9
89
88
24
42 5198099269266262602
72
47 D
82
55
10 D
20
50 8965643498435448761
100
34
64
47
62
81 D
16
68 5528408471256036826
11 7571447033691225362
88 2958476203526030468
44
4
88 D
78 D
37 688388812863774247
61
14
74
70 D
100 7071201987906768787
12
96 5719754977352767677
39
47
22
7 8522482941191778875
68 4937056304933757859
13 D
36
74
100
5 756976430756220536
96 2770973662776063517
91
35 7249404599635142992
16 1650779977224886181
47
98
26 6691447634992282202
70
55 414296109746763105
58
40
39 D
19
59
44 1775425640191408089
39
42 1571276712826824952
2 6229175823236988172
51
35 1841190090631026432
14
42
48
70 7841223720473011719
5 7597324035747852937
39 D
80
45 D
6
89
30
45
93 D
35
49 6856520242952124561
32
83
17 D
32 239042328981084408
10
17
59
65 4624660493345965764
80 3524661153427828566
0 7132608774448963167
86 322400329216169809
74
16
2
82
4 4170946050377416833
81 5597838609859742314
25 1852087326676923324
33
42
50 3562756189267779190
3
85 D
21
23
72
64 8678870629427800318
48
50 D
9
73 D
86 5078147265351952109
70
83
68 2816369029330375055
51
78
53 D
85
21 90163741044683612
67
48 2925260708021403150
64 1675284995442010625
57
67 D
48
0 D
55
72
90
68
3
69
64
96 D
22
76 1256291727721313853
49
31 3958833562111651081
32
63 D
98
16
70
64
35 4986742018143720647
29
14
99
94
60 3521321385923420622
92
30
37
86
95 444629138121758215
80 7526069755671035657
24
93 D
39 D
86
95
6 D
13 4592109226669423093
12
88
90 6705940813439613550
56
53 D
59
42
56
62
36 D
17 D
33
47 5226628459770919327
47
98
44
45
14 6873305250782781598
99 1397871071262651058
69
4
9
69
87 D
81
77 7433594459389631980
46 8426175754001815083
92
0
0
81
0 959953138764895177
95 1909723907563951928
7
79
72 7755820175945324874
83
37
46 6851141554972311074
19 3974575486833633458
58 6722522906283286313
79 D
3
68 7538524148915320904
65
61
40
39
44
17 6810235824653807433
43
62 D
42
54 D
74 448401221401887713
9 6734943469089307830
79
39 818142910973499918
25
47 4060894107324970905
76
61
70 3944982885496576354
14
25 6657044987674660190
46 138150076925536592
61
46 331937610296668342
65
20
79 D
43
77 D
89 8717093749650508712
26 D
7 152677751457110829
12
41
43 3461985893107003163
63 D
81
97
53 4113235072687404650
70
21 1871628653312661405
91 1548717228008071584
48 2817267932308359154
65 1628826439851267088
79
89
63
74
41
68
70 4406482430285372362
69
22 3469970682672009462
66
85 5704846936537156617
51
9 5946402800342701579
94 D
36
100 5608767496215476064
94 D
73 8409585607082170043
65 7075355119200007239
69
83 5248673389643546832
74
36
77 6773708389139069819
47
11
67 3182956410129398921
93 7635971433404936481
96 484613535192904736
53
56
87 4227108601137857669
79 7248912547489753493
93
66
88
8
14
96
87
74
87 D
95
62
39 D
90
7
6 2223523886282530460
51 8599090659596341240
4 4679195564735726347
79 D
2 4399070144664246836
76
22
66 2010071738920117629
69 D
76
41
49
99
81 5220389934376364356
33
77 D
68 8212461577413689201
36 8135529919845089789
6 D
11 4979137881904220741
83
69
48
38
89 9131574166254664149
5 6659488653847531113
36 2031756015044665733
99 6741834695653130689
44 1805791101713840696
40
16
85 7501790075533908857
62
52 D
96 4214816881934309632
29
0
23 4486512915654438270
54
60 5133221580754399436
38
62 4318903251319171710
99
24
76
98
42 7527422306923983591
48
14
87 7528641659333079250
98 D
70
32 6038783303007729759
7
55 206702288012895117
65 D
50 D
47 4588188478817714373
83
54 D
34
49 D
74
82 4140690370207845768
65
67
51 1666800216870909473
17
74 1795683214745037324
28
18 D
12 D
18
71 7408676353897085122
6
2 2479212425512600106
83 D
73
65
14
24
61 D
97
28
28
98
98 2527771262859307143
95
93
58
58
7
50
60 6582231791056458502
3
25
10
95
100 840598634133930054
57
8 D
13 1731100967373906797
73 D
22 7228551445935343954
1 651356533324569886
46
85
73
42 1593472249246682133
74 1079778143774737772
45
60 D
74 8433254365723304809
33
65 2763546405802720422
52 2743474776077198837
89 4131157867645434038
62
55 3669425664589440627
23 7249417139103267506
74 D
37 D
50 4811870346117581166
90
22
35
97
95
39
92
15 674153493319632361
47 1082361501104871490
38 6907150363527730159
23 1321292492757133314
98 8301116937833751915
42 6009182107785877403
16
79 4025373044202142564
15
26
94 D
89
40 D
98
73
91
51 8324772997465440219
27
82
9
43 1659808042034599080
100
20 6576544732347291818
5
42 411650908364975938
38 2154778824203271327
36 3900712935643622800
60
62 1951912441705379178
7
35
31 3934228986066511984
55 3677873713013702711
70 7339579844444088871
45 D
98
40
61
24
75 4421254255938296545
31 3655780665940800689
99
11 2869094849773134281
63
40
67
19
82
48
69
37
47
14
48
69 2026308360498529931
50 8247562442486100901
25 3710113671668495295
30 4230693780512212453
27 D
29
52 1416063217481575442
52
62
18 D
63 306329107553167710
56 3073752215984373273
62 D
59 3964452195185800311
63
89 145065824643583384
58 7922302838966842425
79
40 8276607647799891379
85
23
86
59
37 7316237292000340297
41 D
58 7370945607455800780
87 2608885795458522392
86
75 6490594075020830294
44
100
24
86
26 8547995881400627098
96
56 1406741157758215742
32
12 6476132011802253554
3
3 429635253029477715
95 8805571081856489559
28 D
90 3616761077571652070
31
59
59
96 6054215484685869089
70
0 8378891423030321962
79
29
55 D
52 6548178885200274041
78
79
10 7041099021548837953
67 1221706226096854708
64
81 1617876283563436861
63 D
79 D
70
85 6297383071770676800
36
53
91 D
6
6
60
57
74
62 1369591630203596295
3
89 7898211766168705375
9
69 D
78
61
21
84 3137615239347540447
46
25
94
38
9
4 D
12 6935878654436597965
67
15 D
66 6341031882488606768
23 5318019218594519855
5
73
46
41
39
94 7264209009568894875
85
48 7107181216158604321
80 D
2
23
87 5180740394149348387
3
74
51
75
45
25 6303332570770186071
83
94 7346957125166268444
67 5157088977405611154
83
77 D
46
78
36 D
98 D
22 D
82 294966478926618599
56
15
23
48 2268495565499379402
58 5043697910732433209
15 4501605423219841998
31
79
64 D
92
48 2453654362857216525
90
79 2129613231920091503
34
44 3763612612764025289
10 4952143079082672687
95
59 2667495650501832569
80 8572383263465469712
54 702217859905006715
89 2361892076229363806
38
1 7435157772623785434
67
39
47 351819658822725062
60 2025910873606468925
14
34 4693526005924484540
33 8107683776079000966
96
93 3791295610914292836
7 2879478849366477499
22
57 D
73
66 D
16 4579977129835815438
9 4312445867982714502
88
1
82
14
62 843502652929501370
36 6930729358983275380
50 D
26
84 4651215255815475141
24
51
77 2638955525638246352
78 5235185605218888650
87
13
88 5798738041840525626
84
97
96
28 D
45
93 D
12 5001630066618034666
67 477143809292554306
18
68 8467538192940827313
17 D
32
68 D
75 833340933369043759
8
71
100
73
15 7909386128803380282
69
79
44
54
62
62
88
31 3447446788531166208
85 D
98 2096404341888624512
52 822719528437047902
39 1705307093830352712
39
10 755324908179221840
49
7
62 5869268199289163963
68 8348843146451941217
38 4393522078564115229
21 D
35 7143625036722689734
14 7872446102323901737
13 5897343181292386046
68
85
40
33
92 D
20 3278096097871319700
98 620399712449292691
98
75
64
2
95 D
66
13
30
8 D
17
55 4169859195971200223
98 8764522748362646227
72
21
51 2982137518418286132
71
13 6071544129340603308
62
37 8917151405381285212
14
98
40 D
73
34
67 4987541977439425094
87
15
34
36
50
2 4563847309572824500
81
23 D
65
72
58
27
2 2807195576451071688
69 D
36 2857840689708779927
44 3635299127821885401
40 6045107422030482170
53 D
100
70
12
32 5359806800045789946
20
88
52
68
89
88 8312562400261524768
6 D
92
82 5086371322915585555
58
100 D
42
62
80 5715721668693852729
58 D
81
75
44
28 4647461253772586810
96 D
82
94 1793580731125625195
93
34 6158097105046346389
81 1884047050963510555
40 1126055958167432130
52
13
90
36
5 4695113411246754587
33 8439266383555431841
85 1059885613506974099
49 6325551096919000087
90
58
50
98
57 8045282831017723924
46
50
69 6064010928976238911
6
71
60
32
15 8388858716876436863
22
26 D
52 4907175481159030229
31
48
92 D
86 1712333643550419091
96 5051953935021809183
24 4567947299963260245
66 D
56 4633505340363735128
93 8646398245269266568
27 2224619921344737361
24
61 341081039769703030
17 7055541123140146510
13 D
71 4694564736344711770
41 D
20
44
98 D
35 6471056393771624336
45
61 5469374229117146807
39
54
100
77
98
95
92 D
22 6525471182572323474
1
77 4755914529646629912
17 7013736452359422827
69
54 8140334246252641369
73
46
37
84 D
58
27
18
93 D
96 D
16
45 D
19 5162087188238844442
5
92 4622206445751111583
74 6045315147141623331
51 2778834417664756162
46
93 7332520438054171799
71 3358638174167625776
79
78 3038377544984613604
71 6066166063003676557
45
18
82
24 7043507239682304024
96
51 4990182238735707749
1
67
11
59
76 4933510853978076483
38 8127857396163292352
64
24 6445384301317461323
41
18
100
74 8508098502062296917
4
34 4703594817358940711
4
2 D
10
8 1427495843681062371
66
52
98 829423452820918868
90 D
95
51 1762800851509823833
29 6645749739824373767
95 D
88 4551148428084867243
82
65 5800866265474765902
29 2289992129023578666
85 5423161354800267016
35
52
39 D
82 508652239186535314
8 5722578693458132834
15 891356689889594205
49
0
55 2796645608297684529
18
51 6067252690998319341
99
44
34
74
15
45
75
48
25 8054184960903702737
34 D
2 D
20 D
55 D
11 8414063909387488648
41
39
90 7958892148707792403
61
98
65
2 8417511706322042684
97 D
0
10 1855718596916708434
53
54
23 9168329513328847351
38 1429580497279121239
70 D
33 7786318892063045488
71 6447821966434283188
51 D
53 D
92
48 D
12
63 D
49
61 D
87 6996714029342360896
35
24
29
33 D
95 7929373260510423126
45 4959021770742229167
4
36
50
66 5108405027925625256
88 8092281945649105828
10
31 D
70
25 5407447410070907982
62
77
85 7976405439181127182
87 D
13
17
17 D
13 531320561708831772
23
69 8709878777717007020
69
23 D
47 5284295303357471088
97
67
94
61
20 D
78 4547047600123069327
60
4
71
13
12 D
8
40
98 6936215458934798914
20
52 D
26
21 D
31 3424222490023800042
53 D
98
1
60
31 D
16
83
33
3 4203092982694987406
88
63 9190136335024965202
32 1029856142450194675
72 1238534957718853673
20 4748739848480347274
70 1358878984108155946
1
100
47
7 3622391042820625710
6 D
13
18
33
73
17
95
35
43 D
71
60 1055453479478108943
91 1523145882422349070
46 844633061867739045
22 8337417162708260005
79
51
38 D
75 4985856661840218363
92
17
22
97 9167815995978328799
54
60 2023000083507601546
63
35
61
95 2899201381445274416
59 660082199375789425
2
64 5285470369532646155
52
76
97
70
92 2202685162998359461
19
82 3634483565532990805
99 6354748912253921534
93
9
91 D
58
98 4649933708981239912
89 D
45
16
78 2511293175310424261
41 4297298602213187404
22
92 6659694140582025341
87 2054900687644293028
63 7801946276891711089
50
92 1882062937379255206
45
73
87 133826800800027683
38
16 7630019085599803204
26 2696405771274180387
45
54
79 1783374434770082569
98
79 6306318920422599289
75 1392201010693846051
47 2361411617290478190
36
38 D
83
13
56
59
25 D
58
22
85 2193821292046602570
76
27 3013666518174182843
40
40 6711447113085429036
7
72 D
77
34
25 D
1
20
44 3872670361138363951
91 D
74
40 570551005209139233
98
76
16
8 8476503904024699948
85
34
79 1832508456726430098
61
89
44
24
14
72
48
69 7239524586575497123
59
5
97
53
93
59 605543151460682670
72
36
75
25 8235321936416850970
2
76
3 D
99
89
13 6349432975398671582
78
51
15
96 3540854123000786018
60 7555386972009001273
86 5059454426146276825
73
25 7032584422678365966
99 1796786454372211318
98
53 D
45 8647447763807441304
74 D
39 4176788647322860565
4
86 4695243210247036753
95 7527139113595179587
69
18 4937066041109077213
89 8145850411838873816
58 1566283125228052839
8 1338397746331338490
2
91 D
8
12
63
100 D
100
57
65
16 D
50 8537187808791642710
87 D
32 5576760044589902474
24 D
16
56
12 2904017454549396983
24
4
16
54 D
26 5250525902305861915
2 5380349473749365841
8 D
51 8959131054045547454
66
96
75
44 D
41
94
97 2006218031969128096
72 225567586905378363
18
16
83 D
45
22
60
66 D
44
78
18
3
59
5 2755502767413372238
7 1578277342509014414
49
2
76
73
90 D
56 9064260706880092531
3 3945813566978705744
58
41
1
86 D
4 4339088089857810368
0
32 D
80 D
47 5317317198836341654
22
14
97 D
24
79
89 D
1
0
34
14 7874035753675164490
87
89
90 4972302486588732240
41 5622440459271691077
75
2 3966427021024153101
60 D
36
6 8467133476704720095
51 2520399371785550082
3
45
48
60 1024087122904869830
5
73 D
11 3953140162952969172
62
15 D
35 5238635945049067327
94
10
26
37 8024189073726449330
20
100 D
42
36 6087800426705563901
63
86 2960500217354917561
70
48 7699369177713769837
60
91 3012794841160823760
91 8897771397179842681
50
17 8628956471401448191
26 2793486733134275093
47 3780203673273350502
46
39
22
34
11 D
29 3090811362442767242
17
51
23
58
64
79 D
86 2012122587755222117
98 2235914545372332141
35 6143017338213742447
27
87
71 5048292756134321351
59 7259700645753197565
62 3478996920133384395
94
50
79 D
77
10 8411271823827759680
55
97
18
85 8773804891294395616
33
37 750234491899135643
45 D
8
8
16
23
62 9018057940080149464
48 1888813831798461792
70
15
18
37
5 7372338731620780341
34 5195505530973313295
0
18 571687189391155409
99 5613344228913140692
51
42 3393348493749946650
75
46 4914629414326647080
42 7054075401376480026
46 5937703025282378707
64
41 D
53 9180444847939464591
21
46
30
39
91 D
60
29 2133723133349737998
59
54
9
55 204416070646343130
62
28 8557782378442733109
84
77
97 4371272810246123709
16
95 7380291092854774255
61 3090715493097919465
27
67 1125073086027830860
62
67 2344942297625742990
17
73 3129266586065549104
0
3 D
100
92 6717175120482428906
35 6067982382049325112
98
29
93 5568204079979040058
16
88
57
89 6443818462176766825
69 1958882672472977872
11
31
83
20
77 D
54 D
99 7712617904990525423
27
20
16 7728296717604328890
28
69
57 3739174486317435252
45 D
9 7267842163272210077
58 6433882026749349413
99
98
88
74 2896964484440284606
100
54 911670447679098763
85
65
96
62
65 D
56 4983271532062418701
40
83
92
13 D
34
34 2042980147609589082
91 8133812645111842876
4
10 7025711119913429417
46
49
56 D
93
70 6858181783651786539
97 7338995661608764621
56
73 5323739660907287908
94
15 D
98
70 2919331452162050581
93 D
29
34
26 5946309302660140646
10
68
34 6219795683345233021
48 6139273847385059717
56 2902093283402562146
87 D
55 726200740413401534
17 D
77 7327431792960039243
39
81
20
78
17
26 D
41 1408936488355753172
58 508640576197437120
33 1474955292502541762
44
28
47
27
90
41
95
39 D
9 397669099946166823
71 D
13 D
87 4301920542617012263
27 1366944378111985542
78 D
16
68 6053002091587370839
27 3581085534795910539
58 D
58 8208342061401595199
87 356569480040603579
90
5
53 5697949471731175049
39 3121224238662054738
87 6442813211366864725
54 4317483527356789864
74 3589975706005251898
34
82 D
71
9
100
57
64
62 D
69 7161992518610360435
46 D
80 3342497139090696923
100 5934617711348963101
29 3264666802519074204
67
78 D
34
15 D
65
21 6816180042229415881
49
93 9208308346335815334
16
28
49 8066471489059100835
95
44 7130844433723842529
59
100
46 D
73 D
24
51 6635961005708034076
1 D
89
74
97 D
40 D
74 D
46
78
65 5970840038511726348
77
47 D
74 4476139319851545809
45
29 7927687977581416882
65 4331408085991723729
87
28 D
8 1960378843123071733
36 5422938547198007118
36 8081269482852261241
90
15
54
4
78 56819289927378955
89
35 D
17
17
81
0 2231766062603666293
30
6 D
27
8 D
43 3153797330918657642
18
1
97
84
19 4463270892475485968
72
84
27
11 9209149303746113342
78 667629650180996708
32
1
3
12
59
87
61 4397010868222698066
21 D
98 D
31 304677407221039527
55
91
92
16
83 1064415898449189784
4
67
78 2700243075490024175
88 714992500601249117
7
41 D
52 8766487677438790960
79 D
74 2285917857699675701
55 7909297401967110951
67 5157360659164646277
46
13
14 4965090837460047072
7 6019151968654327423
24
75
84 3757861464050479797
90
92
72
79 D
3
79 9144950679038055843
45 7164035576710645251
27
66
15 3504013210624059522
96 D
86 2232613342497844426
77
5
16
72
61
76
98 4461264454355011233
80
94
54
29
69 1160539886292156324
91
73
53 7386605910936410179
44 D
34
84
0 5897635908609459623
97 7297321514266531331
58 4911326253128850286
94
98
17 4140263602604074922
71 D
68
61
69
58 8834995362019132127
96 7237654781815348403
39
77 D
44 8552409732962675413
0
48 8753886433629541641
90 D
40
35
96
95
65 7219545837036343761
8
88 4275025389119160655
53
90 6792086878731055282
55
13 246481744257876695
74
92
75
29 D
75 6578121132461249159
4 81784250521637507
63 9175554987061607180
93 4311994116619467202
44
50
36
14 3955954179182272870
51
70
4
67
46 D
70
37 D
19
24 580720598892125287
76
40
10 6224766746958819297
27 9077975678955255451
45
63
43
33 8091625806664282339
81
65
53
49 5440322842265401217
49
29
17
89 4852077050975999295
67
37
9
29 2098105870955066137
9
37
72
48 9038759813871971064
57
19
37
50 9107883973340030957
42
73 4188261460424040532
97
67
33
55 54166364650930158
57
16
85
52
17 936610417895908812
53
35 D
81
59
1
45
50 D
22
55 3876542718099785390
6 6121215356491862509
15
81
49 5385874955611954247
39 8299088083225929072
50 560977458961307509
75
90
13
89
38
45 6907473822649572218
86 1913103635304275664
31 2439720137077937339
84
2
58
37
41 D
15 3331543486340842926
10 D
23 1000602038318116737
86
7
43 6068186738768610548
22 3486722578217650557
65 6747977938872746216
46 D
44 D
63
91 7552678702505220706
62 D
15
80 4824721375252342910
16
50 D
84 D
80
20 3349709300415490157
39
42
46
59
46
24
3
47
0
61
11 5155859509058598479
24 D
90
97
25
31
12 D
73 4889929432216153284
49
13 4330707339579768499
80
2
55 8539916297725636147
42 D
37 6013345746042716087
47
24 3760910868448160905
1
1
84
77
41
66 279294199959018687
5
1
35
11
58
2 5163562467622196763
53
26 5857264786532912421
38 6512793398318362358
84 1540140964517876409
87
34
82 5870434741404071353
46 8419037563756461817
26 7543495070709181198
89 9126155194127540326
93 4362686459643446747
85 3995134348368934864
3 6060499024360044120
30
14
54
88
71
24
15
78 D
77
8
85 D
48
13
82
37 8238793976086075138
61
43
69
55 8719081714352990703
97
79
83 5320600552086375453
65 D
56
92
32
16
60 5569521131743921218
53 D
12
14 5928780953589246018
55 1849496956908151009
74
42
25
2 6594212895155166818
1 7899068099115899437
31
88
80
60 766444233014474133
68 1504984402227242576
98
45
89
5 424435586776948821
12
8 6369380399355451267
70
73
99 D
33 6772392632956462172
78 6090782499162536702
59 D
96
41 D
0 5549734782108551056
38 6545202649467323288
7 7686555250278839992
30 2257997949353462234
63 5095391932127797531
5
51
84
60 3742763573776296260
61 D
49
22 D
31
36
38 6076891134424007685
60
90
94 158017191984077315
69 D
54
44
57
50 8386030257894716610
3 4313235392561244517
9
52 5113303908472313124
83
19 2249755359331055208
39 1236540301011138180
42 5352251754886691358
16
53 D
86 8660501066441867946
9 2547879616722704931
72
4
36 2520793701120374782
99 D
67
76 D
29
17 6295481995013423057
70
28 D
6 8884550335138367124
82 3835130597542177259
49
48 8809245948076020053
58
3
42 4420916129967081917
68
57 9042812906880196450
22 4515594706553480389
29
21
0
88
84
24 6935773668561686408
2 2313043582350412769
29
90 D
45
27
75 D
52 1072981327942951340
5
43
51 D
98 2254713140587995591
36
46 6068308629076767861
69
94
38 7330429109597067798
30
38
50 7230901295534246120
17 D
89
100 1629710051221600160
39
91
47 990004788818555950
22
47
43 D
19 D
43 8792767790889489925
20
38 D
30 D
12
26 2228245458562400914
11
59
86 227130803210195852
18 D
73 5996341524494214489
64 D
88
79 D
52 3984331420761379674
18 1510123649410673190
27 4576557171650630010
81 8087516454801537229
76 2278625235649280765
65 D
41 D
2
65
58
20 8417010367711398091
72
69
61
65
72 D
93
89
22
35 7623501943588445570
81
70 D
34 D
35 2278296610732140031
91
5
37
1 6371502152715551472
96
86
4
80
74 D
78
82
73
92
65 5681329953428020356
89 D
56 D
2 417233318395486791
59 D
54
79
84 3282780177312042868
3
32 D
86 7035110505478703960
50
86
60 9046553232959822042
17
28
21 D
67
74
18
90 2282211751656497999
14 D
56
45 469001819865568975
53 8844989761233776407
49 8127427469811471046
54
69 3020580235106278711
31
70 2925881013462346726
24
34
42
4
18
14 4056723829163847190
18 D
49
77
57 60863545137849141
76 722778218033592246
4 8972713824821258657
78 8908448268980759090
45
92
96
58
94
36 D
37
20
82
34
78
66
83
36 D
78 6974144749242799704
68
15 4180724580469477970
94
39 6899055827601524156
83 1365357340487159105
75 D
22 3123393825121874835
23 3555584866326167821
61
22 1442520068340785520
42
40
45
8 2487756617000023273
26
99 1846817745209997157
67 D
33
22 2267822515979337915
15
92 D
11
84 D
24
33 D
24 4342704943684396959
70
47
97
62
85
88
61 D
34
35 2434669567622901785
46
35 D
88 716120864409696990
47 419269853472490832
100 3212816571902250965
50
8
27 8051236942439399752
85
86 D
77 8805164894030681158
3
88 3981723075661867387
47
62
33 4834047670550613269
32 D
11
18
30 6019544530650353691
25 518941049278116621
89
64
93
57 2003705776341956162
77 4975150472315809545
48 2686525849182754411
71
49
30 3460011202204005157
62 3934941869666492418
45 8349748773034293460
30 988184601610461028
87
48
15 D
88
72 D
38 5617159221606415170
27
98
11 3059683095964549041
21 D
41
88
54 3887600149190222435
9 3037305284553890783
91
39 6943464978047820637
64
64 2410000916847811028
16 D
1
97 793682581171641825
24 D
11
68
89 2453652089226018180
83
88 5042837629457069851
98 7408161329058412725
87 287609128667297159
45 2430477267812834288
13
30
4
88
84
84 D
46
38
31 D
78 1681414775941689705
47
60
10 3743181575121349526
44
44 4272876873416811129
14 8519049993711355872
37 294428097320304089
98 624729588478665499
60 D
46
57
5
81
73
7
19 D
65
26
48
86 7703895936459453729
61
75 4113038040280773975
56
9 8433474653913143633
66
33
89 5694336362198556691
99
64 7543452424054960234
31
84 7523023655817595896
99
88
27 3948949061207153855
71
52
64
0
7
35
37 D
35 D
90 3578287047260887916
49 D
83
65
14 5884247763222261559
77 D
93 3569896155029930991
65
86 5973674801246782164
82 6446037345280447762
52 D
94
94 7718704327745611312
31 D
71 D
0 D
63
46 1285183208266841850
49
24 D
97
13
67
67
40 D
79 D
19
88
35
10
3 D
80 8707581380124482005
74 2182323436250257577
10 290824483748004817
70
50
25
2
23 4536910426779458647
78 3973699783233772
14
62 6576702137465784954
3
36
30 D
63 460568587807218852
83 4499340789808415238
74 1536266530091763244
71 1714471882793754534
24 4351003289307834056
54 5704888230651385598
43 D
84 6512576774863189252
24
31
10 225993793935367475
75
59
37 7572012563275423378
44 D
69 263203186179707519
71 997203634466483687
25 45265813419034909
91 5240110693313186798
29 6896165080389935526
41 7189249565761514166
43 D
39
74
4 D
47 1008205211602600384
34
15
61
99
36 8672276008273413172
5
34
42 443850440179180415
93
98 D
66 3549707924671926506
40 3641460009174472194
68
78 7618964135117032110
65
44
94 7031924988848267208
72
1 2257672341284264824
88
54
37
26
60
18 875221310251592316
92 D
87 5563981672528854806
39 533805146421871282
57 1973151825954515692
23 4160835515658123257
67
99
58 5169862043195457008
62 171239049000881509
56 D
28
76 7602380662364994721
36 4369703300636793299
33 7081973999298447146
79 D
24
53
50
99 D
71
12
20
37
51
28 9184227826095482494
94
29
96
34
23 1813924164427692686
85 2333775239471059724
1 526799864739639529
92
88 D
48 5390626953578154459
82
19
94
95 3598871163985014077
9 D
50 6605539048680652202
65 2502643276696533073
92
3 1862396957667292788
51
7
1
100 2140306202015176643
63
22 6645687736843587465
13 7557611586503168377
55 874812049132307856
92
86 1649764090158850056
0
13
40
26
11
86 450161198209922650
71 D
47
10
64
82
37 2213029774718586361
45 1619717444570963702
36
79
43 4332075273876037661
78
3 8597744715551871866
36 D
80
55
34
24
4 1901549511208462193
88
45
63
2
89 792109078420474310
87
87 D
30
99
82
92 D
100
35
51 8058949085926527027
10 1093017830830597219
91
25 4377827557268719595
81
62
82
48 2975108705521391064
96 8641162344087306308
29 6656619519050023403
87 2877133766818499833
38
24
28
34
86 2201697989285673377
79
38
82
74 9092440914531130942
25
16
21 5023137342779347811
58 D
58 4311676121714083343
85
72 D
59
73 362631173729912905
98
52
84 5703413747910973202
5
71
21 4998090708374345946
11
76
22 7808233861061479497
49
96
84
41
60 6143694739487404007
72
59
76
41
4 2257971583857726710
85
45
46 4220947415451234728
11 8012705030779482104
15
5 8681040010057139494
97 5966799285813854404
12 3574244889666770390
97 5083414085355035655
44 D
31 1313514531914587175
88 D
96
28
52
8
2
1 842957401884787896
95
11 165072580212240563
55 D
63 4744516604950884173
68 7005949323926171135
69 8454297264495808872
22 6608748968311617913
82 8344030087805292893
63 D
16
49 D
3
88 776156685496633385
95
43 7298963571087490936
25 1666063046229768762
94 D
74
34
74
8
51
35 1225127573484869454
21
97
59
0 D
47
16
6 D
39
59
75 D
68
4 D
36 8674920634855229044
3 8191913290321241463
15 6311814472731960540
34 100945201680406612
26
75 5577082193587722652
66 4662860386363027618
51
13
63
26 1027333687005149204
69
62 2914746276979517192
52 D
61
76
81
12 6361891272265871703
12 8195606803056374354
1
13 4954157017851463155
91 D
38
73
83 7341831522731531049
79
11
9
87 9179962391343651340
4 5997060431142894092
12 7099441383986589773
53 3560878667380668595
100
27
82
75
95
32 2714058203048920266
76 5179178184898786447
69 4697539551306667889
27 8442599884412161466
35
54
94
36 5224299084918709763
2
36 8121178832228117576
94
87
56
100 1316264503305697834
12
95 7260213063094902490
92
29
77
8 6420388654327460765
87 8365118778041223114
31 6179937485287721270
38 D
100
33
9
83 1855883650465144893
5
96
67 8733303050043986921
66 6492786848653879229
0
59
20 7486606076001264646
88 D
23
95 153390511475938178
56
35
59
63 4083383911922265272
83
44 6418479024178725194
64
34
49 4610835336756741680
59
19 6434159070531879332
24 4279507760451676184
60
95
80 210033261538080703
86
66 4062707678717712696
45 158132011487080943
73 8410801512794175671
8 D
93
71
80
87
57
51 4175459043071743584
44 285387088761678232
82 7324750378023981712
73
96
15
55
32
87 3761669034327442202
62 8989900679898799306
10
50
41
88
55
74
95 1860132491485246230
62
14
91 8924653360295008578
52
41 D
29
74
66
25 922957065621066815
73
24
32 626038362607641622
59
75 665732126210536699
42 D
49 5676119115951293747
66
80
82
15 3145972481113276560
57
55
8 5639615511916086794
97 1782730261939671635
37
99 1130480286903510765
76 5697167215852929368
55
93 32581837696044647
54 305955111373478159
79 8730526579221796347
85
45 2208488328816126675
12 862782577561826647
69
20 6852380077410914474
34
97
33
52 D
62 3421515659332951760
94 4227965032061809190
2 8801341875452621071
85 8598937164600758178
64 1945441168011883950
98 D
100 1302274192567667931
80
85
9
5 D
1 D
50
4
90 654688344584179193
85 1919308580960166304
75 8472569739879087495
67 6563321786531343615
32
8 1252623566971663744
67 6482664604357703777
28
45 5768818454884695573
75 8108992582209341592
58
95
25
46
65
63 2063099153772640308
56
44 D
75 2293915484681535712
87
85 8447567068624701644
48 5823024230352424937
92 D
4
54 D
28
9 8020590093791085721
26
29
45
2 8083787213231094878
0
28
85
77
19
40 6529361403569559102
52
15 5899510151475935707
3 7357223023455699548
50
74 5841921624167846228
43 6450508043166905823
4 D
54
79 6707009858628301950
35
86 778592745589322706
66
0 D
53
99 D
6
49
42 7646832937905109630
37
77 629202714473211841
32
28 5726086827203696469
7 1923637214639724862
77
22
100 4757253843369904339
49 8590880992020653179
35 4149231003872168639
95
28
35
99
82
53
32
75
65
85
49
28
4
18 D
34
52 D
90 132951592883290912
9
66 1602701700012758583
99
92
28
25
28
57 5491606911491344186
39 6658347981691025557
13
19
85 5421334633327320606
44 6388720674204033671
39
99 D
69
78
74
97 2106065682470000843
18
7
10
62
5
23 3819892717374464478
74 498841880897610546
45
60 8987840755114120646
98
56
8
96
89
33
41 1885497738930992935
41 8956088921731497465
91
57
83 D
38
15 6303952609162644310
1
17
59
47 229765309330373404
16 1217607911498417419
42 3373277565198936231
51 D
57
54 480989474125344345
89 5343872290797360616
56 5988168103430635972
88 D
34 1874583301303038390
28
79 3511894251158597375
9
67
0
77
5 2851047001766604470
48
71 7816082989005932565
24 6571585180571578711
75 D
58
8
37
17 3105333852433876352
7
5 D
71 5449181216506365614
21 1420942697128055811
76
18 1411908798258248262
54 6743170905185475125
9 D
35
13
83 9209294236253312741
71
24 2839843187581714976
8
50
14 1513352277276284699
13 2628325045253934713
6 6911156291275404278
37 7682151235248697910
28 D
66
77 5891130684893930202
65
27 3533427985089638711
70
45
63
28 8056684980692885758
94
51 1935268485617271131
8
71 D
10
25
16
21 3274943408890026659
97
99
73 6450597342518321394
50
100
28
80 D
83
32 7412626684842820918
74 3960698409382502189
32
88 D
59
20 D
63
43
50 5603699892620822754
1 41880955384091415
93
77
56 5216627263115259883
27
81 D
13
11
21 6795256672402138613
26
76
50
64 7125599201633926516
78
32
30 3138292742168361496
1 D
80
29 D
14 6723403523632608113
22
6
16
85
33
55
85 D
14
60
75 D
45 6374196812114098410
37
66
2
34 8315250513701598887
77
0
23
93 4918132555001346389
51 D
52 1803921275140944767
98
66
35 5996961535140899424
87 32260104429646804
9 9109234111166696710
62 4322163479813223565
10
53
74 D
6
17
13
22 D
44 5045716653709145601
55 4558270005146631702
62
51
77 7709785545461938324
22
50
77
84 D
84 3357917673558661181
38
62
29
31 4186856882830124516
22
10 8457633997196216524
37
49
64 430556788743713930
33
99 3954088726451056922
49 D
98
57
9 D
96
10
53 5201075613601302018
37
95 D
68 3027338335079108224
17 3741845826843848146
39
0 4871966357425093594
14
88 2368728164811151415
7 4522820291439893047
66
60
25 8206880715920377813
14
76 7172903919539530574
89 3489596108158807545
37
27
19
58
69 6407387759946033415
95 2896290316060932756
81
21 7669928198077087002
21
42
14 5907000326495891613
51 2138694050183687712
43 1573718379378460370
34
20
63
76 D
13
56
48
87
73
16
37
91 3683692730344179347
2
11
78
62 D
1 D
25 D
53
30 3381510110111374926
91
18
79
13 4547022911648284412
42 4645505750937775345
43
9
20
68 4829144715467187591
75 5980014913411477014
6
28 D
21 369608382267320388
8 D
4 D
47
24 6308906757297548592
30
32 1375210776324825644
66
74 2764970815773930084
71 1961700800853688295
52
74
22
6 D
4
83 7991659831104873983
86
17 D
62
88
84
42
28 D
79 D
96
21
78
32 D
4 7328857522325802735
61 5789606479329380382
33 178558172037155053
94
57 793646105696879774
23
42 9002699801994070315
84 D
39
32 8674820602333477034
16 5634526619952137290
29 8012510452236935171
55 D
48
81
47
19 D
42
16 D
4
30
28
61
47
55 8688987364641776032
7 3546815369913844156
2 3694296358951503663
18 D
73
74
40
35 6473012761348281156
32
35 7339696748412693315
90 8591542710737909616
49
5 2751348683933598753
53 D
45
64
73
60
34 D
58
77 2655909704040602954
81 3526404127384907688
28 2084710148086872484
32
43 2330529705555613724
5
15 6655608352122253809
21
39
1 D
0 879139800151669635
86 7643388084453685119
53
100 5677700093311651351
46
85
5 134998829254005888
98 2876559450833882323
89 4154544735554232295
47
78
56
88
42
54 7896447290694174490
17
76 8254328780606756231
74
80 D
57 2011538276756235124
91
78 7485836297282612943
26
11
47
14 7498952069238816986
4
98 5200556930739722127
88
31
87 D
73
1
87 5079759073739094771
0
2
43
94
47
44
44 4340834867833559272
64 D
3 2450822795992954467
85 6303202274380599434
37 6323815579447496675
53
84 6745809499388531821
64 3999968503522011991
88
92 5497065097690441396
15
51
51 D
46 D
73
35 D
75
97 5004363211400724953
88
19 5615475835216266666
10
57
100
0 8805484462539222498
4 8953370928172702492
35 D
86 1492035323665236603
19
3
69
15 D
29
40
47
92
21
26
42
34 2614745381451788095
13
5
66
82 D
37 939850515295214369
28
84
47 3453111921484945835
31 3676411734762865573
94
76
43
95 814526458278210573
81 D
98
18
38
45 5786289618488499830
66
91 2118791905693410161
44
96 D
9
14 D
61
66 5702539370003432039
66
95 4444663613757670721
77 9121797061160066323
16 149967609552416062
93 7320963763567156372
85 3262114617596291955
14
7 8496130395343582537
22 8217877577120607140
11 D
94 7712767121663271082
51 D
53
65 3701124147988058568
19 2288166956528249655
6 7019689723396304669
8
22 8980722406598789424
95 1701318708666480974
58 6893174947500699001
71
59 8591641785917177424
51 6028278478905730786
22 D
41
40 7513139396130457225
58 D
13
70 957240476649725324
31 4256110328129198429
62
44
30 4946760899883532592
50
55
77 D
69 D
65 9204048152352025438
98 6810896771103637736
46 8312872368180734081
8
42
39 8260578869671326574
74
23
98
26
84 8781769173012015269
98 4875174678805190753
66 6212572264559592300
35
90 D
93 6497741693493260619
72 D
13 2460695846886057898
79 1106865528549524823
46 D
84
45 5874884712184061632
69 2711570690729404360
30 5153208148611755793
76 5387483753470484345
60
23
93 837044751945128025
84 D
62
57
73 8799160427590588465
21
66
82 663060524152675121
76 D
95 3861084389547757262
60 D
28
29
12 D
40
66 6088722705998153842
83 4083939465145243178
21
6 7056619759923145150
94
43 1212383202708262103
33 1384065471564913428
8
29
85 1136735679398852790
96 3602978069032264197
36
16 8337064496278479610
3 7520917521960765551
20
34
100 2443370326300993891
93
51 659024899470676820
55
57
51 1640157895947465756
50 6248823576409927395
100
97
38
5 1866334148280387371
9
11 D
21 3529650084041168427
90
69 730210957149638602
11 3168049443537643757
52
44
44
50
72
38 7366137067076544809
79
42
28 D
13 D
91
82
59 4172057513206404261
27 D
37
80 5485662889658755549
49 6908090127194359867
39 5496812449504583237
80
65
44 3370851777416197733
62
27 8541585745797300044
1
24 1890690866450506945
68
89
49 D
57
25
71
50
1
66 D
28 6011433001235510397
63
60 D
99 9064240650647781450
22 2728902093525706121
96
18
43
81
69 612839960675727690
72
96
93 1175019029298041241
15 5990152726043094722
16
81
88 6666493164127179770
94
36 D
56 266984286446581245
71
78
20
19 1385512009238857322
71
26
58 4937666111011677039
32
60
16 2252369776286174680
76
11
80
30
1 4857763154875220250
74
92 5589531592123875494
5 3078473197466460916
55 3679320413883877719
7 3029446603697273958
76
16 D
94
60 91791723549251464
30 7989810462058048320
78
44
100
25 6665253220631936243
47
94
80
90
74
43
81 8003927379972516360
68
87 3423700454240814390
34
15 D
77
67
76
60
48
45
92
4 1526289181171464965
41
59
36 D
93
98
2 3641010838713676978
63
24
73
72 4660462743118179054
93 D
7
65
83 5365749895302734217
33 D
90 4164759368607224988
68 2878219870766225262
74 5594151913336669281
37 D
27 3895957557468873594
35 8639627592152429441
77 3504575901936830112
3
85
10 5886782075697740613
53
50 4258619722634057924
29
45
46 3117262978342377580
17 8071239662636588328
52
34 3492746296643503298
32
76
45
56
17
6
46
13
16 8228598856402110115
55
59 3717532845821013862
4
51 5257221405979581877
92
88
82
47
61 9112728001237466508
100
63
25
85
20
46
89 1674600569106876750
12
6
36
36 8913228803971476126
52
62 D
77
84 3352362543452397229
6
27
100
87
26
89 5343571500427038674
58 3488994376479482557
50 3766157968137067566
30 D
36
3 2310817385449780114
13
0
83 D
71
88
15 4693787729914519434
61
2 2006364682539249603
32 D
15
71 4737188532166455432
22 8477384168371538124
21 D
97 D
10 D
21 7431399559234518060
68
50 D
61
47 D
23
19
79
87 7152747984611728396
28
13 1393181015456518799
58 3689520014178973990
79
42 D
6
5 5853417975126900970
75 D
15
99
96 8574364936384291300
18 3371074626726000328
17
83 3721667014259862791
83 D
33
53 5961859215551291828
27
74 D
3
52 D
8
57
48 3546411054085143405
59
60 195295652635127386
89 3239197497495089019
45 5927815012832846559
32
28 4627288706706113815
56 3157930149407629281
28 8940950784733727814
0
47 4179609123040856572
49
6
46 7648331033517129681
74
24 3831454869051189895
45 5859729526927234211
2
23
76 6806300441264775667
27 D
30
77 D
98
5
78 462747831418282458
60 1033272851815807540
76 8839888098552802124
48 8150605484429758792
78 8910766488509217726
21
91 8370960911284193733
83
40 5483197031939122473
35
44 8213895018675188591
96
26 488100454516522349
77
52
13
75 6007392781630861854
18 6763157408224905713
72 8909274949391121440
85
11
67
34
85
54
33 D
99
39
55 1844605679380476781
59
31
42 D
62
83
67
27 6341523965881980795
88 1750230464957303197
75
81
59 1776136888514224577
94 4983209922101422751
87 D
42
19 6751205357122157095
64 7157954172939751476
60 D
60
1 8332974472593531882
69
51 D
25
84 D
61 D
98
59
97
74
53
38 1692284081650926219
38
79
72 D
58 5742785111028551440
77
16 110370792516857460
84
56
70
33 8315779871570307716
25 3092574500809670758
94
47
45
69
26 4445195502193189193
6
77
38
85
90
37
26
38 8986839549315362479
75
40 D
46
19
57 2573490795599439167
100 2315960701217291923
11
13 8750818706030043216
78
18
99
34
54
85
33 2479273467782490319
16 D
41
87
76 7551476987716237963
87
7
59 396940629694191820
64
99 2194563182012075449
49
66
47
42 5897000517104078028
5 D
33
2
16
78 1013979308332375899
92 D
10 6001031238683526142
1
72 D
98
25 3648425123105655425
74 7802483668852711063
41 7829618554255729221
9
94
80 8100479383177099873
15 D
95
1
71 1565821678168284267
69
16
8
18
14
59 1699486035746028000
64 5561890229327039153
75
86 D
45
52
72 5255863756105602448
9 7805096595358259672
59 5308641571358450544
42 8162910193437318499
65
10 5626831519919673568
90
28 9219880041528755317
55 9159076833159239723
50
65
96 D
80 D
67
54
58 8099125873535082966
44
56
30 6835577666798847635
11 984719841673759339
10
83 4917028761220961908
79 2909101770709066716
53 5902701123652227433
17
29
48 D
81
93
48 D
95
32
66
49
21 7923787459997693505
24
0 3289857364493865024
55
67 3656718375558439856
42 8408043552203270331
64 7269877818538152669
16
58
87 3264533011219706861
50
52
23
33
60 5539291464986936321
28 D
62 D
98
15 379753201446067247
89 4020955895480313455
44
44 6763628227946139389
38 D
72 D
56
60
49
7 D
4 2723409693093450571
84 8941733148516561541
57 386571004076667373
17
73
88
20
2
32 566559472329418145
17
27
96
2 1285248676227371575
93 3640812252120218588
47
92
6 D
58 2853762033193192488
30 D
8
96
20 D
7 7699554707809534964
25
96
0
7
75
45 8271863269915642892
90
81 3964363663372511391
11
79 5515328498072409325
82
33
49 D
99 3722744149053629562
17 D
69 D
74 2645824114698043700
35 8281024288875213994
58 7548457659776775415
29 9060228994496063909
34
6
29
43 8775343072066802439
67 3662959011392333927
2 D
77 D
32
9
13 7960583646984082686
19
54
5
82
59
28
97 8813507951055204257
38
86
21
94 1439720365114958119
53 D
9
63
26 877461370767651689
85
39 3102351966888106884
85
57
67 430918804165972576
32
20
28 1350391413374321566
40
22 4877969363027225103
53
68
86 8585121471176182067
6
25
83 519393600407395014
66 1446519741228836536
12
36
15 2755479076416916086
43
5
3 D
44 D
3
52 D
1
20
46
7 6344114077108228041
81
91 D
20 D
19 4387527651344539928
32
28 5081691722658036969
37 1979891060759293951
89 7659022929205672263
51
25
50
35 D
30
1
17 8451672704102296576
41 1199090566763453614
16 1350840902727279737
85
22
44 7706465600302131609
18
76
67
22 D
92 D
35
70
89 D
16 D
64 8929586703521514230
51
44 379423763516876587
40 951528733072719564
45 6679335394450100294
68
50 D
40 6703755382246566216
82
58 D
30
45
41 D
45
12 D
94 5561409702628999122
39
72
41 D
13 2489300069118959380
64 D
46 7718972450903244514
9 1540943234898215795
45
2
10 3085416620176762428
38
97
5
56 D
37 4735296094804604508
93
40 2202537782542246789
57 8914446557869238395
27 5546019931389401500
56
30
17 684437766546505730
79
43 D
46
90 338070593806773808
46
85
17
54
18 D
16
69
12
12
93 D
21
38
51 7316697160115780272
84
77 5132996572319407012
72 89659339334078992
100
27
3 4332707734003523574
66
94
62
14 427064438532965021
66
84
51 6837906173390470193
99
59
1
83
65 2258530754618398887
50 D
62 5223210189197690965
46
29
94
22
39 5044024082750457665
97
5
97
73
93
10
84 D
52
20 5028720135641010164
4 D
92 4004162014575622446
5 D
52
29 7102330502709471872
22 5110638116001823207
4
21 5817611436828066864
35
81 5556564656309832439
50 3682168076820090003
8 D
99
9 7401921567356231067
82
41
20 8716105219442635612
77
46
36
95
3
19 6042866572703012260
63
36
12
59
57
94 2241008646167144525
90 4357701538329037314
15
56 138906486982738070
11 2725425140217489837
9 4465252101345384617
93 9070539738077989034
30 3761419220141549256
13 D
85
16 D
33 454543236145057562
86 3716559539191509090
52
96 661427618267746747
33
92 D
54
48
38 D
4
69 3802618246588100482
45
47 4128392809017725377
73
46
96 2313669703231706767
94 2833482910153779168
1 D
53 7068831648489033971
54
14 D
26
18
34 D
67 3597733234155931947
45
31
69
32
46
100 4359842137097490077
71 5912499999736491375
47 D
96 D
75 D
52 3181904444184654922
68
17 7438391260182213491
16
68 1045365249986355172
64 7445040916058676195
38 745733611216891461
28 D
25
5
79
94 8380274757191536817
91
18 5059510444985066330
82 8583408445951585400
38 6442013854266763181
8
98 D
50
64 7561896148540228452
24 772506749541574448
78
42 1024074771990237045
81
11 1750067825013481753
26 D
19 5787505037872056577
0
47
20
31
63 5128413625995440423
74
67
11
85
89
5
93
68 D
2
26
83 D
51
63
20 1393780097014259600
97 7357036205502327445
51
51 7120702720363956410
30
23 7419227159550401283
88
96
69
82
98
79
91 6875385224777210698
33
75 8292375017715768123
53
83
83
34
43
91 4136323932182147848
30
16 2085452197046692843
91
9 D
54
19 4291382001451968641
59 6705329602106439720
82
10
56 D
20 D
89 D
74
97 6212579017936317047
2
29
33 8155523156730613634
51 8448766231005660385
97
23 2991987070461460864
51
14 6764694458586608414
44 7179001348718533092
94
9 5251478210463815380
97 7769303447088466328
74 8610149290778207939
23
36
71 9054898293344364953
4 151766789148803869
58
80
4 3271892307846135310
19 1152555058562932595
90 8959773526609847814
2
36 D
85 6808281061214810710
50 1766115401132894197
67
83 3030006137853408988
87
19
8 7108098258045960370
47
46
58
85
64
1 1371527690330133068
32 6398723853882870006
100 4562950688110333152
57 D
9
74
50 4534409706096095289
46 476569196943669722
46 1211605232422151010
51
51
3
64 4866534880921945737
80
68 D
8
28 499764099608520164
8 5087234191368036001
10 D
54
100
28 3509761221632336823
26 7391932414819665983
55
15
34
0
42 8326444832077229252
100 1284519040828865191
86 741938768162098820
26
41 4531221714862049655
70 9020430915059637916
35
51
67
38 6446598365082525171
5 6704255137765432377
35
51
94
68
8
62
19 7378709519462564853
75 D
78
26
48
83
75 2001515084867570171
56
63
55 5616864649639952041
1
84 6712027784976779885
36
15
16
49 854188583702965894
28 5688805697675392527
26 6280166868081607097
32
59 2366251766712765080
98 4703109243793870977
71 4027741652588472017
54
34 5408765673410953678
37 5899024672770312462
91 D
68
43
33 8814920395280001322
13 6027849579862888304
67
82
29 8862079808741939554
78 D
30
22 D
39
54
5 8139073708176374993
80
40
5
48
14 790009457356174993
96
90 2414157397044073861
84
75 D
93
51 2954011884031198953
74
37
27 6437170081284629166
73
53
47 7468541556620080124
52 D
78
100
43
8
81 D
34 6698971404681468241
2 8964637920610525353
36 6374598285671079588
90
66
22
97
90 2556749852036251269
16
40 D
81 D
51 D
4
41 4509913070188670038
85 23425819585443109
5 8238154332498354642
16 3652902301469840114
74
75 5922170491257859686
5
88
38
90
44
49 D
32
45
12
39
39 4507896486827902254
40
39 9030502178187520814
86 5780714086498789796
30
55 D
99 5494072803670992357
86
71 D
11
71
68
81
98
57
1 D
53 3143225918066015708
93 251210431426407826
67 1907255225530644782
93 1979934414448616706
12 2192905634836302666
86 572804905198936042
58
68 D
40 D
49 7572166725311692878
93
3 3134200144988753488
67 D
39 3088948664188308929
32 3164820884629930853
33
2
69 6737363830164299734
47
25
12
80 7369219319125478895
54
39 131364379053669154
85 403974896949371579
93 268921662892151590
4
19
75 8049599434999229298
86 D
18
1
94
76 2862366832368002931
30 9219681143565103401
53 D
20
27 D
21
21
74 5738696583236104256
51 991678391365812953
52
32 7519773770136071734
47
16 659249743852670328
9
25 D
1 2066377918824746078
73
18
97
84
45
52
73 7242213900838604524
20 4305667340471401142
62
57
9 4432918465861278371
34
20
100 3571125967084007133
78
1
31
59 323488413978174667
89
63
87 2344128132030078501
11
73 4255925610622144921
76
77 D
6
86
84 4869859790822783328
39
41
12
50
29 7256797425315668954
83
78
41 D
4
3
33 1729591320066650646
31
99
62
55
55 D
4
63 D
97 3630533739922972418
20 8344246004494165119
50 D
71
20
88
10
80 3681711742355984419
48
84
32
34 6180908104355712157
14 7099631477458514988
40
72 6656781466173557993
40 8964390302691398841
49
2
21 D
12
73 3946602539677517676
27 8802365309854270635
25
52 5140163469812198342
73 6680053533317118404
79 8623022366417576756
92 2125912464065929301
30
6
70
43
15 4647897595559955071
53 D
4 4618963904893678705
0
53
47
83 8273503946473567651
42 D
37 D
49 6649423657013471954
31 D
17 4292675617926391130
79
3
92
56
100
70 4527817365956220959
93 7782383417376500899
70 1736033912727829846
81
49
75
36 D
59
1 183647586060272714
46 7216888473510569590
24
4
37
80 3987488020117493963
39 D
68
2 6209926461663037107
95 D
43
82
8
97
62
23
50
90
8 D
72
26
15 1963207327911325284
29 6696004246222942797
14
56 31182071551732233
69 6772272068671706660
31
72 7538414340839559249
76 1723510151218833107
83 8691244682173502670
53 5522000218585447291
92
83
72 D
87 6403086715861936304
9 8173154484212431924
83 5394803754689102266
64
74 3696842561036597725
56
55
32 5381668347793945856
85 D
85 2076892990885803431
20
96 6561764503900995916
53 D
94
35
85 D
70
15 D
24
10
70 1436931653491406590
20
51 9072831575256957495
89
11
51
42 3002565277206583901
10 4116333688532731210
32
8 D
52
75 D
86 5675237971782047755
47 D
68
65 D
16
7 1181758611455384283
47 D
79
11
40
14 D
76 2623957033682842054
92
52
71 4379680646560841562
43
58 8617718142531288197
31
87 3916413128242334162
99 3971123496762667739
99 3496774401078324990
57 D
63 2106866168510875626
39 4888969407005812830
48 5708523005596605544
36 3656668074833940397
90
8 2061224839227500089
78 4008847409387164924
52 6163177981974863161
27
54 1694564204435758577
53
38 8479902820005009551
25
45
28 4767794271389808334
44
46 1532876675498839603
70
82 5795789792365928710
59
19 1718931733607142463
85
16
86 6421402957477304037
16 D
80
48 4807179325116592489
12
33 839477826621405162
20 244332821951535320
89
48
100 D
28
4
4 D
37
85
56 926824814406930454
90
81
34 7366904026219547197
76 8069963319799606135
99 D
33 815467795299892749
15 D
18
17
21 D
34
11 D
73 D
48
96
33 3814925633918333734
40
74 849519158463055583
27 5634801611442203850
87 D
28 8664442454919852941
59 3751724986789086216
1 4992939656646734103
95 295641978906871458
70 559228696257714501
78
95
61 D
92 9022789926524893195
100 D
60
35
79
50
57 6510314867242311976
37 D
36 3739958211817086252
32
56 D
74 D
69
33 5521779494862666973
22
100 D
82 7697955699779844790
70
0
58 1946899036974635058
51 2051490013747764180
21
46 D
58
63
55
64 D
37 5156705398793408359
50 3788509476214003521
22 123961195657084015
45 8254351953845973590
84 7850072718014823382
21
3 8348056269356150284
7
37 3528126917877710907
78
73
55 8884843347348661293
50 8225218828214137861
55 5124526067008843214
44
11 D
85
2
89
72 D
92 2957995288852493908
35 2070816500562025145
15 8273819263071204780
72
50
3
4
23 6832759726831788498
20 D
57 8750000689086206699
63
95
17 2093667540631308171
100
66
6
50 5454289465057383437
2 7985073700145900482
86
73 D
23 6893300651063475986
60 8955271649392646417
90
39
61 3250387292602819015
93 D
76 4050766826407227842
24
96 6376497487816724028
41 1823078967430717234
28
85 D
29 1716957630933553273
62
65
32
77
29
7
81 2271640163412613720
83
37 D
0 2470705237339721613
69 5913625932923586016
46 2510999612415548068
82
37 D
11
90
57 6016594993136473047
23
13
30 5584351698308085449
80
90 D
45
86
44
55 4445528975351817525
93
63
92
13
48
17
57 D
62
31 7841241078820339947
29
26 D
8
1
18 6163754400105802377
75
28 732192794373234890
99
16
42 6479301721706777836
90
30 8536227485008906934
37
74
59
75
44
37
19 4106358121976179306
42
95
53
90 1195174983897701282
10
35 3067690764210641145
71 D
79 5098836762428097196
53
16
88
14
60 3204196082718805412
81
45 3492720284396586905
83 8000192284734318262
53 1820367292996246376
100 D
46 314625087836687098
58 7021275794608610928
65 D
4 6841369908860615417
12 5358892675103120561
79 6876437735593999812
18
84
21
15
25
7 D
6
5
98 D
63 D
45
97 D
78
75
18 5633507833322724701
5 6719192051949778541
11
51
67
30 D
46
98 D
71
74 382502889904626508
92
89
84 4912956076940217248
26
36
90
58 8643252160491934265
65
70
5
15 956798431970474868
95
93
49
58
79
74 1323369498714150478
98
11 D
21 6499333468268489582
45 801491488782363251
86 4184423119258387502
73
91 1186324168887302110
36
22
23 D
53 3405367873696277225
55
30 574235504817672589
70
6 D
7
63
43 420157001623497818
82 3842067801760902672
18 720569679035277160
78 2119730264693569718
57 5615197460613489522
22
92
51 6856892980408129930
58
39
89
38 7152157158998045056
43
27
92
28 D
19
49 3919853168584970097
8
1
79
4
26
89 2632732757933979800
68 D
30 4878123848903156765
54
67
20
12 D
95 D
51
16
6 202960358934849933
32 4507222882502495339
44 328910831531673188
66
10
24 8879867599431122213
12 D
9
69 7591672919696381032
30 222385109697832641
28
5 D
22
53 8099420936379312280
69 D
50 6114683190780921731
44 2663916725500354805
75 4573128096487402551
46
64
97
13 4962613970280728308
34
87 3693055824974427822
91
69
88
14
41
73
10
37
20
62
78
13 3659466058869586948
10 74261703088192132
92
98
70
23 5737177464080955480
0
83
72 2387400143212795481
14
28
89 D
31
20 D
24
1 2816019696085333362
10
51
59
79 D
82
18 2675302298319197885
86 6879603428342874131
98
84
62
14 7165352253827491838
67
32 6514110592445626542
12
47 D
38
20
76 7036522224133657518
51 D
51
82 6838974206428014823
67 D
10
78
59
75
76 5100980871089454444
55
87
30
50
85
85 D
69
93 6226737345142826323
26
77
13
9 8868811461850838227
68
26 5600699561706978494
12 8432013585630002866
71
97
25
22 1761533587882826169
99 4163997489520927658
3
76 3603069185815545741
11
70 2128515924259154635
91 D
3
62
74
95
39
1
49
81 8700755110353972790
59
22
60
53
93
97 1947912895367030996
77
12
20
21
86
20
88
91
77
79 1007553939165253157
55
11
41
91 4839325968290148839
72
12
95
23 2311385297787923888
11
2
73
38 D
73
27
8 1077458075058194410
10
92
8
98
4
36 D
50 D
87 3638242950246302896
27 33338009611866814
8 1047621241944957316
9
12
69 3717169963111213275
95 1041158016745541488
34
41 D
72 6623922052967181857
73
49
12
86 D
11 3958606544526832463
60 2783652063902986409
90 413522426316939712
84
7 7554996069496009822
75 D
56 7784429618611215429
54 D
82
89
70
45 5241030826716823647
29 6872593050073351262
7
92
38
66
100 730202571271994762
60
30
89
76 1391487370840876791
84 3060192067184846194
49
64 D
26
1 D
51 783853863138936523
64
91
79 2273290596694617831
86 D
58
89 8696910467284164128
45 4382552068475859470
55
74
37
67
37 4303720760455619137
34 351236151550669981
49 8946064256689015540
54 7829802836001123384
97 D
30
36 786262021463052091
72
30 8522440958955945513
66 5337087078524777891
92 203645752841190032
59 7703957762450486689
45 3192558066836495142
64 2662718798169474828
56 4643942032993447704
70
64
72 7103881830330569024
78
14 D
18 6104585084639346340
5
89
88 8749336990204920386
39
43
39
82 1827452504460758427
53 2587915395304511869
57
60
56
2
84 132033479317100754
50
45 1019308539312799783
75 4246052915224147008
61
0 D
63 4630597031305511691
47
89
95 D
5 D
34
80
94 1614308672505331185
95 D
68 D
39 790434116461512619
34
83 2805994444723548444
76
48 D
46
50 6595978961826948164
18
46
63 3209337792445715243
90 764905433716031585
54 D
99
92 4486529398690011165
46 8614560657768116516
100
1 D
19 D
30
41
14
58
50 D
79
37 D
10 D
85 2020024005018614415
42
14 D
95
44
69
63
35 1523583935998956493
72 1765521762594736515
58 4075971644771000435
86
65 D
13
31 3914694719159386148
88
23 D
89 D
78 4776205644145067570
83 7087790884646923828
38 6083554749211673416
89 D
80 D
54
48
94 D
40
61 D
58 704513604344038559
90 D
72 3028164319695614322
87
96
92 D
8
40
10
64 2910011162997958396
46 2329109770840089596
98
81 D
33 7178281477118387053
67
95 6567371439922559296
75
71
32
100 7467960175777292346
40
21 2155755370218933177
60 D
23 D
87 7347745839694986658
38 8259163566336377990
91 D
70 6681852972219982237
63
37
50 1559562626305650312
40
45
50 1592391167058947638
56
79 455069575524828617
38
79
86
56 939388044964452943
70
95 7806953688433153424
11
92 4318601431685195225
24
100 3517390854072421041
74
93 3212023974231735077
22
23 3659646575525527144
81 6682140245981840827
95 5067831676983397552
6 D
99
61
14 D
93 6067395665057932608
60 1367870539117081904
24
62
41
59 3557515134033769223
80
52
45
34 D
25
49
13
59
99
55
22 6180481255369896945
6
39
91
67 17443777527741058
57 2395407417870382939
97 D
55
20 2609962778140568431
26
59
32 1232964885678320424
44
11
13
74
38 6619125693646726833
10
72
9 D
28
40
64
95
27 D
74
15 D
38
73 1421815516649192065
42 D
41
31
69
38
44
15
67
38
17
22 3984527338276830457
86
13
89 3992103129137693538
24
89 D
39 6845944720086156269
60 D
5
47 1088846165520377800
40
91 7976794002591408132
25
94
69 1406137165956606748
34 D
54
27
54
64
100
5
90 D
58
17 9144009605924462596
5 7727080409731130973
35 3351653116909811884
16
54 3042738295816468452
57 1332709496657842011
43
43
86 D
82
46
89 7038749185709002483
98 2302308836257629865
63 145691386262898695
40 8381846603402111768
45
17
51
27
80 4646880075418349784
13
49 4753956854453343401
67
0
31 D
26 4307405816501927319
66
72
73
77
22
44 D
57 D
85
47
14 D
91 1922609993621682409
22
47
49 101955943245252660
85 113117551029333518
87 7394037704142662726
33 D
93 2558119047350691267
65
0 D
73 D
10 D
70
42 4937370660454048854
57
17
57
8
75
12 3128758074906662347
8
3 D
48 5600912524723197074
12 8429046521573166402
11
11
58
24 632468172399499308
66 6503720711456167254
31
32
70 7346672891269291753
96 D
9
71
78 4548657924099882040
89 7400440128748072352
73
94 D
44
43
92
44
35 D
45
6
9
85 D
77 D
80 1236384754773442591
89
6 8988625042126362803
68 D
88
44
1
1 5675816990034783960
3
32 1846237245782866429
77 6452708478914585144
75
21 4427925299054792449
73
19 2495380113836745481
28 4648685755819118322
33 D
36
97
8
100
8
30
65 6805776175794964570
24
63
54 5451333402053622534
3 8989132250394469277
92 2380764557382534642
1 8305087523748351763
98
57 622700699878306571
84 8446374004807807970
16
70 2331629414312783734
2
62 2900123074903387357
91
44
56
17
9
49 1477879450328527225
12
16
99 3741407249913447840
90
13
43 7047736122903705536
10
29 8833779701288113581
82
92
61 6491108127801751361
59 1226676202076991862
39 3154024751791248339
92
72 5243450131046524338
12 8848199702304494882
17 308174534288198212
56
27
6
70
100 543596342322278716
0 3710982344898874260
1 3521818721374896224
100
19 6329045523541323118
40
77
81 6467680783887503815
72
13 3479918020718588335
54
21 5889653577624558579
39 7397686827862853791
63
94
11
94
19
88 D
50
34 D
48 719747759885733825
92 D
98 8420152495671841463
71
68 1044392755762504563
78 3158395595597684227
62
35
95
47
97 6259716497825496311
16 4027829092120781773
33 D
26
40 6621743196999146562
87
17
72
13 7899290205573155249
30
51
61
38 8895859212974207659
33 D
29 2044896572049146968
35 5333977914544847029
66
39 D
90
25 D
66 207777149261778944
24 3706820228774166048
88 1897418218611995070
38 4612179398035566548
52
87 7583786588734895515
7 2102142033275026858
100 8082825945905260522
27 3202843803468989159
33
88 D
51
53
21 904250625965866421
88
46 3142949109923429816
54
68
69
2
20 D
11
60 5523898543559356083
37 3952717123782265181
44
15 8952966146888496664
76
6
68
36
73 107854802507390517
59 2982614581744476984
84
3
13 2860293638582764484
41 3077996711778932101
6
86 4908303052147275262
10 D
96 8657720942132209011
88 5320147187033466491
12
45
83
55
71 D
64
62
76
3 D
56 D
83
84 562788504359671441
41
18
73
34 6934447372414812561
41 5490952568532406331
26
26 7296534400022519042
51
54
88
99
84 5364080604183258227
73 4719478360624998672
59 3333151043983204640
40
71 5797684578611475820
31 3980142816004212566
96
56
82
94 9101915203235481842
61
98
94
13
15
12 1340712353514384656
99
48
98
45 4658153485484858951
6
16
93 D
38
41
84 797489164016834597
28 7981189866081467003
12 D
98 D
57
45
79
32 895014933662023939
97 1095251922177729066
71 3872306351620369871
30
1
26
16
25 D
19 D
47 D
29 4763742932796835697
50
100
31
60
14
30
54 1856466367551508599
31 791104458012259899
74
71
77 5308569701116005023
41
24 D
58
78 D
94
68 4000386448406474641
4
12 235373174225889780
67
83
92 D
0
42
19
84 7816119744984864370
35
77 D
62 9218947482537920093
97
57
81
20 4272504152386903018
69 5179867745333293227
52 D
53 4321303717808574793
57
27 D
21
87
59 2093336169902085993
50
36 38644529784263222
77 2819505282225698913
43 2446196935980936923
52
94
18 5976343139522209535
6
29 7352708656186072044
89
61
56 D
21
46
84 3363067471178514189
62
94 6456515110526557848
68
73
15
72 D
54
81
90
72
30 D
29 791807985252381341
7
74
27 4398757399870020546
42 8837042658682083853
75 1828372152620082024
74
6 D
22 2960313606833649352
0 6082848678490867809
42
55
49 D
8 1164976211199582795
59 6613312192963387694
11
59 1078383976637757268
98 D
15
35 6443774220232949025
4
56 2097047468982275827
55
44 D
73
74
46
53
54 4096677253300560888
13
90 3372242679521511161
21
85 6592963421750532505
31 115560357599339310
31
27
99 5420933511061612387
7
31
92
77 2441254645638223814
81 D
81
74 D
51
39
29
37
77 3907194886829648137
77 2268455323893954637
57 773553209796006430
97
30
96
33 1945318736314616013
18 D
80 D
81 3075476214572126558
19
5
84 8171894419411596747
53 5818650713620972135
61
54 2509992275987907992
82
21 9154169483017464409
57
18 4229349385927230656
28 4121173497357257742
47 D
93 D
93 2226995557328656531
19
87
100 9060066646496033657
61
28
78
95 5128790174271141974
30
98
95 3696181968904997628
80 5548104341141515517
80
43
23
35 D
17 5297148349546955006
0
70
64 5581209978976606252
74 4021608775845198364
68
86
89
74
57 D
100
32
24
75
100
3
30 D
31
92
59 5850976353791854577
77
47
90
29
73 4172425173178107541
7
16
1 D
50
23
75 3641334816181591474
24
88 D
94 6085078005914338725
1 D
4 D
66 D
61 7886596287429534258
77
74
18 1297674876541565035
77
89
94 6457422415520719267
44
33
65
47 7925053017639232473
20
25 63837417786497580
87
58
71 D
51 242922243097293914
42
73
61 8730863713589510055
6
91
20
46
87 4924790671861867076
54
36
40 D
97 7026372608870562762
75 269002761729746440
40
19 6310113748698460190
63
24
45
7 D
40
28
54
12
53
95
34 8693353246384659636
85
87 4960417172379237530
4 D
36 3584322184830459097
24 3075080692838456747
21 807510326913741590
57
39
7
5 1577931354417252395
60
82
0
85
48 5871230372321549694
57
52 5876684897465520814
54
59 8080244366807613489
60 D
68
92
82
83
64
34 1144831874667703386
15 6105659864587421397
11
37
26
16
72
73 7214743219199203995
8
14
60 1814925170077286959
25
33 D
73 4281468860155673599
19
88
3
62 2076177476892554506
94
83
45 632952654877495122
14 9175260602606047935
82 D
81 D
99
89 7935127178870909825
78
82 2928121128543607644
55 5059162748683335094
57
44 8654269543078230887
99
3 1434314008536171504
27 1733877173577204750
60
81 D
47
16 7591759755113677613
35 D
38 D
44 2934023896819139603
62
9 7532177283935136839
59
24
10
47
78
0 2365075751899455705
2
4 5918458918506055663
49 D
53 7514440571801211644
76
39
77
14
32
49 D
96 5403977301255803634
50 2673434517430882245
3
72 7902000648615144818
56 6971253123026691092
3 2168904647670554758
19
12
69 645706922332910111
7
20 2773105702220351567
25 5534907890422896801
12
80
60
14
35 5734836792525858311
8
69 5854279269485402673
16 D
25
20
12 D
62 249695030322318593
64
79 D
73
57
33 D
54 302953782404188795
78
96 511762114788461409
64 D
88 5704902532518904982
33
91 3990243618444406685
83 636554797871722584
10
38 4102107571110848091
22 1582486678379051993
25 569466016707730302
85
93 4641204242043044786
55 665584824012993484
64
14
56
92 318667040949953339
66
91
52
12
5
47 6205616752227059703
26
7
37 D
81
21 3849475549142194291
82
30
18 D
89
15 D
7 2929630783012770203
90
50 D
73 D
94
0
96
33
14
57
32
65
86
37
78
66 8023957086331660765
10
49
70 D
68 37482198942314432
68 D
45 6689974937898381875
82 D
19 8131337269007243264
78
89
57 425784312925895002
73 D
59
30 2473260654749552895
62 D
18 986908822504063757
15 6028768237230040075
90
52
71
22
25
14 5269093715285610213
77
3 D
9 5687981148860613017
93 D
58
42
27
81 7036064547741616074
67
63
29 D
27
98
2
51 D
97 D
9 296253080794026465
22 7135371105960926039
32
41
14 D
80 8724896240926210557
98
18 3243527395576247012
89 6657139308612315135
90
68
94 863924283000709500
56
5 4051037900515549166
42 6299012648222251999
54 7101860116004458265
85 5324449800752623872
60
61 3767516644107851367
25
1 8685191376675124067
98
67 8091624238070468413
64 8686393539295151012
56 2572375657754775056
60 8190156805917903647
32
86 4127694208852673778
66 2225983625771148087
78 D
65
47 1996790364058328685
81 9098464328790128549
12 3213998064710468780
81 5626835601345543600
72 D
56 8006818407524410605
78 D
54
11
85
96
18 D
79 D
50 2670340944061095883
43
99 2584206795034690280
62
51
38
84
65 D
6 805996895740975618
8 3629299194663746882
2 2254552991801544710
77 8647719833369315987
38 8699440202767392171
15 4828797913185930418
41
82
77 3041000014836865323
30 5633012942732924331
83
38
83
50 2366433601826192590
60
26
42 D
42
32 2923633746420642450
20 D
70 5988789830300816251
42
91 6923295804031387016
100 6594519441812087128
93 D
68 1974336438356543689
66
57
95
19
95
72
95 8689606841310085395
98 2738090435700811014
75
54 D
74
86 D
32
71
30
65
94 3157067112192914013
7
16 7019521553875929254
61 7540419340279140526
26 8874341544274448332
46 635251985675894321
3 2222019394528513547
30 D
15
19
6
11 D
23 D
21 D
51 3224403080490277412
76
96
4
46
7
13 432392965295924964
0 4189387546642121391
49 6558715834823767175
85
80
53 8425467629678401603
94
60 2250519606842414681
69 7863192347834824784
57 4945757481808304780
81
69
73 2862101402622706796
30 6393470796407556374
16
31
3
76 1201985890200449414
62 D
15
0
72
64 D
16
24 2725210752002082594
68
79 D
21
15
16 4944778113131654672
67 5325052914151902483
21 4986800319607480174
6 2681777833884058339
84
57
73 8376713509848612030
58
16 5370551507521821110
35 2910103109718777714
57
48 D
92 7439606971328599451
45
73
41
22
62
67
14
4 3088013957561760313
33 3633686181547538423
74
86 4461073902981940298
97 4078591751463894951
55 D
67
97
20
14 616683471708535381
83 D
99
36 7793556803956413787
59
93 D
100
42 D
40 5065417591979800039
88 8999077597714057844
83 3816206215998787231
65 D
67 2646088799481167751
44 7593756948958466634
72
63
22
2 7949262355219728771
95 8899103494491582616
61
6
48 535345459878153933
57
49
81 D
23
36
47 5871120526928975432
57
7
45
100
40
28 D
62
76
31
12
22
96 7041586789138843240
25
85
50
26
91 2060067247786154614
16 8922763435461727256
39 D
23
69
86
74 D
30 D
76
44
43
88
28 D
3 D
95
80 7768783810070889326
37
31
56 D
58 1463312016654640120
90 5156658823606834135
5
29 4057810288359295056
15 1303921404686158968
83 6754666146126552461
21
74
87
74
15 3147164384966644070
30 6829282364279859366
61
64 2614314695787220477
24 7782496470235780480
9
49
87 3948566529086811325
4 9038696532045971060
15
42
30
26
63
25
0
20 2912681431307716204
55 4176709149137773352
47
32
4 7203748469215535840
28
84
13
66
33 3152006520198952097
83 4575136171080973202
77
50 3453631563347708551
7 2674759325103803746
65 3111991535633308476
57 8884790853066901734
95 7597735977400994474
27 4080214355343724444
47
83
3
99
25
4
12
12 D
3
70
92
5 D
28
75 5577254037960509498
45 2889847444086422903
21 2933107386698320760
44
13
48 2480405019754470601
3
83
39
9 7479618412641637754
75 D
6
38
29 6817966391544643416
55 8664682203667138756
80
0
10
44 350677028121166794
43 2840418161338100461
18 D
28 8738124830396915061
61
61 6599417019209573478
71
11
5
86
82 D
62 D
33 3163078006207082781
30
38
99
30 1644505146926163009
36 1458165322260889453
98
3
4
79
34
71 D
83
16
34
41
72 D
18 4731309441988807582
90
42
70
85 D
62
14 D
6 2104276722294807195
91 D
86
0
78 8549713712342249571
85 6566775576318332267
10 8657367384866420465
40
74 4196408445895635796
42 50453894743904203
42
84 6926123172992972573
13
28 6785204416108060409
1
54 D
12 6470191664860555498
87 112993412212427101
97 636651844994533347
56 8778053231767330547
80
64
30
37
77 D
24
8
11 4606228304865610893
95
80 5664763769854546026
49
47 7609811170705623765
51
68
97 D
14
89 D
67
28 2262529791478789727
27
39 D
36 D
80 D
72 8116736190125614641
81 1699077591006197705
18
64
85
20 D
2 9208693799692558011
14
100
63
90 D
72
27 D
8
54 D
83
67
73
13 8222108443558818561
72 176026426319232344
63
14 D
2 3522129768222107952
36 4465082376936864703
30 D
90 2117286585705193410
96 6489856033496293009
83 8726275111945126651
78
55
93 368127390692417254
19 D
56 D
69 1070727979729468033
8
14
16
76 7391390873822436455
13 D
7
32
31 8518305334022705317
44 984995944593183659
89
92 D
21
92
17
0 D
34
79 3964978416882206085
85
59
12
94
9 3491314325702771061
18
21 7091888980532253284
1
69 4620458636475321723
74 1758383805420050684
18
85 D
27 7430441568228163462
68 D
73 D
75
59
95 6478789344071920384
30 6509537303603344815
54
43
15
8 4606400402015520605
74 D
90
45
41 4389336967957959684
11
53 D
39 4935471792417431935
5
60 D
82
49
54 8715441261334361988
12
6
8
68
10 2387566397653222974
45
27
61 6540914024431117971
50 8142828507627200872
76
73
34 6137280877742008616
34 D
43
86
79 6829568727892237729
64 1583587636706271995
95 2632722528708569096
33
18 2445496395896424355
3
12 1064796497654846918
12
15
73
51 5787206858393270448
54
32 4559778001018537738
0 431492092672212199
39 2187068314606723940
97 D
76
95
99 D
98 3097245460987691087
1
85
36
43 6761472755370753800
16 2144281032784337917
15
56
8 D
98
66 831543393125029180
42
3 1511484567605249522
97
60 D
92
42 2502805176201772004
68
52 D
73 2880158324597191271
59 1595646172013719295
91 887680466868927426
88
22
59 D
78 D
40 1280240756485675732
96
71 1055381282272053630
22 7987671691856904349
73
75 2061545888759867642
55 D
58 1049289683462127131
66
91
28 D
1 4395455780487873451
26 8131496572879226481
75
67 2551429598758875778
94 D
62
48
41
78
46 D
87
2 6014261002249642190
90
78 6233476199104689009
67
38
24 D
19
91 D
49 D
1
67
18 3471442010735452985
62 7554966087559367904
81 D
4
73 6161913991602380649
61 D
54
67 6448199361953138548
67 D
76
14 4657042569805600525
35
94
66 5291318066619938836
33 6868410439779777910
97
43 5559479363924385391
18
69
49
48 6237800952567511163
17
72
33
7
15 D
81
58 6482905682280509602
75 139794108501319840
32 2827654848737180349
55 3176989983151863086
11
48
23
9
44 232550922029430928
48 4872519371635384388
0 D
41
38 D
19
93 3941113254797496135
86
68
79 D
44
45
47 8013772559629662929
2
36 4276873701403163012
13
62
4
42
88
88
38 4557572714210939613
91
49
66
68
87 D
32
94
79 D
68
20
95 1874107099593473488
31
36
94
19
98 6543021857722968034
62
21
59
16 D
92 D
39 1653525417779088094
66
5 8646845837939140580
96 2981070680171411346
91 1939070903507636652
43 D
81 3968633970682466415
20 651232754953373784
83 6910433319707762191
76
19
3 3407938365040192294
85
19
85 2072511129424866371
35
92
60
44 5761315757537448282
59
89
6 D
0
32 D
71
19 3271219852455532317
24 4447724260865113959
25
31 D
54 7869620831399735239
85 7735799458539010188
94 8002617884335033993
86
75 D
18 D
28
1 D
52 D
94
80 6949213801604410693
61
89 8110440005747902602
62
23
53 D
85
64 D
51
33
30 D
93
85
67
90
91 D
28
81
91 2578196564724829638
1 6354145960755849801
30 D
30
80 D
22
47
21
45 5927993112480891485
25
81
50 6096957388970471638
82 5573091638614005142
18
93
43 4148824412488761789
81
7 4668199954509576537
0 2961809984675022416
51 8452506226913619165
13
76
82 4551358508604779191
17 4505605916529154305
63
10 7319063049899548696
69
40
3
55
8
71 D
8
93 262729387755414560
64
52 2752335461056014892
38 D
99
78 6570179814671608121
6
44
80
100 8111774125842487317
14
48
95 5062354180513256468
95
75
26
80
13
60
48
97 3675272511124846116
87
31
44 6554697304654406550
66 D
32 8582510148021620534
100
87
89 D
14
34 990722347178770359
25
68
62
27 D
61
10 D
61
10 1648706970495309767
12
20
16
55
85 5016342459918952855
15 D
91 3147549849039501193
53
41
2 D
84 D
10 D
4
73
60 7027303023504232270
46
85 6997356506379453775
65 D
33
92
59 3310447637555996412
29
90 2157491761773462507
22
3
92
61 8723591342477990692
1 D
6 8649386015163873664
64
98 D
94
44
65 8701849748833846774
52
69
77 8849575158960553003
12 8137197706196496443
92
35
15
68 7288976505518826093
54 3054390997956811981
2
11 3309080463308028200
59
7
74
41 3446374488414498871
24 D
29 4960160796111328148
91
79
83
41 5862543217449102463
25
33
67 2278001634603579597
59
47 D
20 2489657903930263482
9 1227586492653703466
35
67 1520429737784856723
66
33
58
25 1372874678121031208
25 3322385276099492689
18
54 8883933986150578082
6
98
3
43 3013709555554016726
77
2 2386206947981180536
13 5979082003572116397
72
41 222436609592732678
10 8101468559685543888
25 D
63 D
46
74
55
6
68 2845344570909285193
54 D
72
12 4807679891967345486
79
59
39 D
98
44
83
35
16 560757894608379333
55
97
42
59
58 1651282898929344515
73 D
62 D
77
70
75
93
0
95 2589883251661119176
45 D
91 8660985082376963234
73
47 5687669718167533857
10
36
13 D
86 4925334801193119553
72
68
54
23
31
55
13 3969780678279305718
15
59
89
89 7335430709100448499
36
97 D
57 2069261391901688008
60 D
83
18 1550133208037247277
35
34
91
31 1398604402400737648
91 9028865961484820159
100
92 3139930722947970355
89 D
6 2715924107853925670
59
55 D
54
82 D
46
46
60 8232658275859442065
47
65 7691315717183238126
21 D
23
6
31
3 D
37 D
65
59 8712288726075967255
43 4293147271366377618
45
14 363314727981394085
11 5326040973064534759
31
2
7 D
79 D
91
67
38 6749251404905017871
46 D
15
32
93
16
70 D
73 2602715234335301484
0 8303691933734045825
10
70
90 8529241426002848974
6
91 6348956238648334309
79 8862605235842566639
29
84 2998804224292229342
65
81 7277516115031576858
34
72 54373454143907145
39
31
53
42
56 5818526757457776140
67
57 D
55 1578125983526458718
49 4593223855940843459
67 D
13
55
24 383588121657309675
88
65 4106154598588008460
38
73
30 3888748331395708039
80
70
95
88 8215353164210245353
49
37 646956183130721769
70 4280241196543960045
0
66
8
28
4 3105145309393252950
74 D
19
35 4222996956636925269
94 2627091391277229741
3
9
32
71
83
62
5
39
28 8554501732271345792
49
93
72 5115018424280670420
63 D
18 2013586337711256890
34
68
9
74
49 2388603219733319264
10 5826369240839574009
37 1110027587167846759
79
43
91 7368808009491484837
73
26
10
86
5
83 3883797019057111126
64 6470057421120588482
29 D
56
27
24 3569821140150305242
17
6 D
90 7902048024904656425
25
48 D
87 6779196409955372110
48 D
77
48 138622249044605177
40 D
60 4061213245880136259
60 569792969029723126
71 D
17 D
2
53
99 3120515059225389800
82
61
60 3369592129696186701
40
65
91
32
85 7707462509585877437
60 8154990016009589383
71 1418980554591648565
30
71 3059009367985075361
74
55 7315875526676053115
64 4457674579750465628
0
93
60 8842963070391273979
86 7863758968210255606
17
56 168383549409314480
92
42
59 D
88 2735486241581534815
98
34
43
56
7
29 D
38 D
30 D
22 5828496348984189788
17
100 7018458279521269782
49 D
71
73 D
16 4937542598532429165
73
13
88 9142275574069922757
15
90
64
99 6405989519295936385
10
91 D
41 3043675335363000847
65
62
95
25
20 4159810737636523160
14
20
20 1668276469678784614
13 5967133742560336721
81
91 D
73
72
5 D
78
45 3360547106638647667
99 D
32
83
13
10 2520859497580206649
67 D
40
4 D
91
14
28
35 D
62 5681274033539025015
70
7
98 6307438977017551852
10 D
75 336092541394141455
45 5606711730559151813
84
50
92
17
98 7631978945553948163
51 8163159758132612743
38
22
90
50 2761367134264851585
78 4477448230572711185
37
69
95 D
47
21
10
55
68
32 5383101576068677129
31 2708775856422588764
6 D
67 3498913258903259506
51
84 8159982756261209209
100 7923931086067386815
0
88
85
42 5456681937384964633
42 1692031705928147156
2
4
52 D
21
11 4675744724643738120
30
16 3478613345014316282
77
85 3815433336445023977
72
4 D
64 D
44
91
30
24 7570816632147677331
95
91
7
46 2383712796196437923
28
22
3 3256650736213205925
32 D
95 7098456966606424858
43 6972380757204803433
96
56 D
48
19 7223606993990482752
66
7
73
1
47
42 2846291155639946675
90 2094229321253735425
68 6655702473138849819
99
62
47
23
2 D
49 8305349072753140849
58
61
24
100
19
32 D
86 9135006642918552097
97
28
15
37 7274942325778457376
59
34 D
5
81
45
50 4554344988751912029
30
67 D
90 7262267607685651732
80
55
17
51
87
19
30
100
50 D
78
31
85
26 3938767438420384784
58
57 2899716451303253465
1
36 2564122962889340730
17
30
68 4129423759797304941
55 8875485500065235326
45
45
87
15
72 D
32
67 2043777003642572846
59
66
47 3096942303618028422
100 D
44
76 1640656437887207109
83 D
95
6
85 1634198231534177032
40 7933086869756499895
46
95 5118094617680012327
77
90 2493204149134811023
6 D
74 2371410184014999747
83 7294526795549197270
63
2
11 4969394618196580811
90
43
25
48
4
94
59 4789448848623343549
2 781241768666116303
26 7883726671990544759
70
55 9179483053180088408
50 4298846742087050225
49
2
11 8635078574908412870
80 1871325522132188413
73
50 6641453535821647160
71
11
88 5657752733028530012
50 D
45 D
33
82 D
20 D
75 D
82
69 3904568317125335596
9
74 5859428604689172809
40
82 5295455740586306157
99 5225091067848544399
14
85
97 D
44 D
39
80 9141178864196746974
2
48
100
61 D
85
35
20
40 809241874839394278
53
79
79 D
23 7753225489021930680
79 5592105461107441306
97 5829743047177517308
96 665748107201598259
9 2346217833588554242
17 9002675262220689243
40 8210425819402627017
75
56
92
62
61
97
94 8212093815613486686
90
100 D
15
95 D
61
56 8349916533910214319
30
87 D
76
91 D
49 3220943180838275963
37
36
84
51 6735930793995280106
64
91
54
18
81 D
75
73
97
60 2636744577805419363
76 3567076273749606203
75
93
20 D
90
46 3138915058774348585
21 9221989586598109072
34
36 D
97
36
96
91 4115857177028687489
57
64 7495334445077540339
59 1400615173896762337
8
66
72 4002493220858847354
95
50
25 3970674223830918730
13 D
44
23
27 D
66
84 3954448166526161923
45
80
17
15
56 D
13 D
23 D
62
93 D
52
21
76 9003071926807388325
65
16
43
14 4415216421066592713
33 1776600673671779367
7
67
99
63
85 5020130702128024055
15 3864203683876749003
50
39
78 D
4
75 D
0 4510498865588264051
24 7431544821348708373
38
7
72
90
57
43
88
60 3786414963956580865
63
2
85 5405036846436155218
31
21
100
43
62 D
69
44
19
82 D
69 D
39
73
42 3986358860395471301
86
64
50
60
87 1652718240312944527
9
85
39
72
86
72 5536180675255621415
4
8
48
49 6126727526872169654
6 4101657456883757377
12 7934702798303097911
73 D
82 4559894019929566814
63 74586177064434733
38 4531639595683652139
43
77
13
62 5468553275082665876
64
71 5564001438851805377
30
40 5665930527613977140
18 1564048208581750599
44 7059439307432566471
48 6728833764910505750
85 1294612106374651276
27 D
23
52
20
31 2341906152255757895
76
83
11 1532306211215779023
98 D
62
59
26
28
53
10 2427007113552035277
52 D
27 6879091411011463807
52
4
32
30 1246850104809672138
52
18
29
50
3 7939162465030777869
1
99 7809740953756847379
41 7848247616564381238
15
76
31 D
37 7832867576441742762
24
80
3
17
75
53
72
86 4248732000038090625
84 D
41
42 861787758662357778
99 6895621832284155611
27
77
86
75
23 8667583166817757289
32 3940674890387987818
46 5816406341482757089
36 D
41 D
65 9051329488474148259
62
55 1876178326183400198
66
98
28
84
50
60
84 6770734683394015655
44
47 D
98 7611743758791106823
98
27
58
9 4016956837639576257
8
73
17
97 6901680527337007919
47
67
54 D
69 D
15
97 2508027869568642177
2 2044582867318695024
8 5669806378931494082
65 D
84 D
50
71 D
61 7765033689943854503
83 7812599731906085269
52
5
73
19 4115979075350404535
37
85
100 6887987145136871392
90 7554001922082034228
26
54 D
20
93 D
5
22 D
93
51
66
50
59 D
87
13
45
33
31
30 932641168964644001
64 1127917742549367360
21 D
1
54
99 9214682735461568898
54
52
76
33 1611467509737358477
22
37 5236914768597904544
97 D
63 2059099047574047922
47 5648071333057168469
84 D
44
79
52 D
56
16 593609074955321595
15
22 3990383738426438782
24 6474013831581872946
61 1702342161324561226
88 6593890532249093088
88
62
80
75
30
88 3963381533754043557
94 2137752135024301277
32
77 D
53
80
97 671248940399446457
64
20 5323266693743673491
78 6908191224779228159
97
29
47
3
89 8841094411595320034
91 411549579404503477
95 D
64
51 3959748027761553708
43
17
93
43 D
99
61 838647872449270374
50
49
9
56 8733377121032499614
41
40 D
97
49 4326474363924027571
77 3832946972986427000
30
54 1447745724861404145
90
21 502850363005493992
42
42 7126453455090628324
98 D
0 1970515479356370320
92
100 1345313739515834784
91
100 6204987057025844865
55 D
22
8 D
37
54
100
43
35 5844960339155492612
68 4052426572559863821
83
73 2060207364439381139
60 9107816845064765996
72
98
1
59
60 1246096973550658747
83
20 6943329954337567405
90
67
56 8614156119052026617
78
92
34
73 1062124708649078521
31 5944858838419883924
3
62
57
36 D
7
43 D
80 5980559294252678918
40
33 5484349277148955254
61
78 8545990652288515845
36 3793736308781979494
41
92
81 D
87 5037777496649979935
34
52 D
20
36 5350576613517115082
52 7425456748701366732
79
51 3306588612855190525
28
26
3 6358340529414519346
50
5
26 D
36
66
89 D
50 6015969619714369541
48
21 5755556819966005851
52 2923642331952702694
24 5688939130201450615
96 254371810461534450
36 5515152822155662103
35
99
31 915734740546320198
26
45
14
62
22 1395252709178591956
41
66
4 870708344695353666
68 5779181612210688270
88
57
72
69 8217454148505349069
77 3516122128464790403
59
98
10
46 D
39
96 D
96 6692450049899153540
30 6298466696179298121
0
91
94
19 D
19 D
41
43
28 3290727991442131719
88 5281898382277212169
54
79
92 8462038955315595109
44 4985047130093291816
14
19
82
68 8997381979461546828
62 1574638138580354525
10 5482789207552457645
70
36 1611885477396536126
83
58 5465828016537330600
4 2052651067029331525
14
81 1241225835800392027
47 D
45 D
43
29 D
67 8986530541814470244
97 6058363987472804760
53
69 7044212246031287184
43
4
60
83
72
81 5681311973127645767
27 402758545223815406
74
24 5591948924280831072
90 7687687665410109661
86
73
5
19 5569089198643709019
40 5996484120446196762
70 7557826550206645710
24
96 2989455381629707578
0
33 7412710167491113163
86 D
66
33 9015476039681215183
46 D
16
56 D
50
48 D
28 806414864496640212
28
38
34 6425912109631234529
84
43
92 3690253220472399516
4
75 D
69
51
56 6287151268015272133
57
31
6 8999686595390344336
18
44
22 D
32 634162983773065620
19
85
38 D
49
67 2923838818781141857
46 D
52
72
78
97
1 1653216983459186491
71 4909849516270635004
2
75
63
80
75 2141631709739013543
64 D
67
5 D
32 7528386599055197273
78 D
68
13 7551014120728643100
97 D
14
31
17
38 6789491703459758233
78 D
29
88 8560898097432777433
40 7586432305664343495
73 D
11
76
0 9124795169142251495
75 3924146320977751683
54
